# JRE version: OpenJDK Runtime Environment (21.0.4) (build 21.0.4+-12508038-b607.1)
# Java VM: OpenJDK 64-Bit Server VM (21.0.4+-12508038-b607.1, mixed mode, tiered, compressed oops, compressed class ptrs, g1 gc, windows-amd64)
GC Precious Log:
 CardTable entry size: 512
 Card Set container configuration: InlinePtr #cards 5 size 8 Array Of Cards #cards 12 size 40 Howl #buckets 4 coarsen threshold 1843 Howl Bitmap #cards 512 size 80 coarsen threshold 460 Card regions per heap region 1 cards per card region 2048
 CPUs: 8 total, 8 available
 Memory: 7834M
 Large Page Support: Disabled
 NUMA Support: Disabled
 Compressed Oops: Enabled (32-bit)
 Heap Region Size: 1M
 Heap Min Capacity: 8M
 Heap Initial Capacity: 124M
 Heap Max Capacity: 2G
 Pre-touch: Disabled
 Parallel Workers: 8
 Concurrent Workers: 2
 Concurrent Refinement Workers: 8
 Periodic GC: Disabled
Heap:
 garbage-first heap   total 202752K, used 178873K [0x0000000080000000, 0x0000000100000000)
  region size 1024K, 7 young (7168K), 4 survivors (4096K)
 Metaspace       used 124506K, committed 126720K, reserved 1179648K
  class space    used 16594K, committed 17728K, reserved 1048576K
GC Heap History (20 events):
Event: 20.563 GC heap before
{Heap before GC invocations=37 (full 0):
 garbage-first heap   total 150528K, used 136493K [0x0000000080000000, 0x0000000100000000)
  region size 1024K, 47 young (48128K), 5 survivors (5120K)
 Metaspace       used 107609K, committed 109696K, reserved 1179648K
  class space    used 14400K, committed 15488K, reserved 1048576K
}
Event: 20.568 GC heap after
{Heap after GC invocations=38 (full 0):
 garbage-first heap   total 150528K, used 95693K [0x0000000080000000, 0x0000000100000000)
  region size 1024K, 4 young (4096K), 4 survivors (4096K)
 Metaspace       used 107609K, committed 109696K, reserved 1179648K
  class space    used 14400K, committed 15488K, reserved 1048576K
}
Event: 21.094 GC heap before
{Heap before GC invocations=39 (full 0):
 garbage-first heap   total 160768K, used 136653K [0x0000000080000000, 0x0000000100000000)
  region size 1024K, 44 young (45056K), 4 survivors (4096K)
 Metaspace       used 110428K, committed 112512K, reserved 1179648K
  class space    used 14859K, committed 15936K, reserved 1048576K
}
Event: 21.099 GC heap after
{Heap after GC invocations=40 (full 0):
 garbage-first heap   total 160768K, used 98330K [0x0000000080000000, 0x0000000100000000)
  region size 1024K, 5 young (5120K), 5 survivors (5120K)
 Metaspace       used 110428K, committed 112512K, reserved 1179648K
  class space    used 14859K, committed 15936K, reserved 1048576K
}
Event: 21.904 GC heap before
{Heap before GC invocations=40 (full 0):
 garbage-first heap   total 160768K, used 145434K [0x0000000080000000, 0x0000000100000000)
  region size 1024K, 51 young (52224K), 5 survivors (5120K)
 Metaspace       used 115244K, committed 117440K, reserved 1179648K
  class space    used 15521K, committed 16640K, reserved 1048576K
}
Event: 21.911 GC heap after
{Heap after GC invocations=41 (full 0):
 garbage-first heap   total 160768K, used 100006K [0x0000000080000000, 0x0000000100000000)
  region size 1024K, 5 young (5120K), 5 survivors (5120K)
 Metaspace       used 115244K, committed 117440K, reserved 1179648K
  class space    used 15521K, committed 16640K, reserved 1048576K
}
Event: 22.355 GC heap before
{Heap before GC invocations=41 (full 0):
 garbage-first heap   total 160768K, used 144038K [0x0000000080000000, 0x0000000100000000)
  region size 1024K, 50 young (51200K), 5 survivors (5120K)
 Metaspace       used 118026K, committed 120192K, reserved 1179648K
  class space    used 15836K, committed 16960K, reserved 1048576K
}
Event: 22.366 GC heap after
{Heap after GC invocations=42 (full 0):
 garbage-first heap   total 160768K, used 105625K [0x0000000080000000, 0x0000000100000000)
  region size 1024K, 7 young (7168K), 7 survivors (7168K)
 Metaspace       used 118026K, committed 120192K, reserved 1179648K
  class space    used 15836K, committed 16960K, reserved 1048576K
}
Event: 23.441 GC heap before
{Heap before GC invocations=43 (full 0):
 garbage-first heap   total 186368K, used 146585K [0x0000000080000000, 0x0000000100000000)
  region size 1024K, 43 young (44032K), 7 survivors (7168K)
 Metaspace       used 121393K, committed 123584K, reserved 1179648K
  class space    used 16211K, committed 17344K, reserved 1048576K
}
Event: 23.453 GC heap after
{Heap after GC invocations=44 (full 0):
 garbage-first heap   total 186368K, used 110864K [0x0000000080000000, 0x0000000100000000)
  region size 1024K, 6 young (6144K), 6 survivors (6144K)
 Metaspace       used 121393K, committed 123584K, reserved 1179648K
  class space    used 16211K, committed 17344K, reserved 1048576K
}
Event: 23.792 GC heap before
{Heap before GC invocations=44 (full 0):
 garbage-first heap   total 186368K, used 169232K [0x0000000080000000, 0x0000000100000000)
  region size 1024K, 63 young (64512K), 6 survivors (6144K)
 Metaspace       used 121572K, committed 123776K, reserved 1179648K
  class space    used 16223K, committed 17344K, reserved 1048576K
}
Event: 23.799 GC heap after
{Heap after GC invocations=45 (full 0):
 garbage-first heap   total 186368K, used 114604K [0x0000000080000000, 0x0000000100000000)
  region size 1024K, 5 young (5120K), 5 survivors (5120K)
 Metaspace       used 121572K, committed 123776K, reserved 1179648K
  class space    used 16223K, committed 17344K, reserved 1048576K
}
Event: 24.096 GC heap before
{Heap before GC invocations=45 (full 0):
 garbage-first heap   total 186368K, used 168876K [0x0000000080000000, 0x0000000100000000)
  region size 1024K, 59 young (60416K), 5 survivors (5120K)
 Metaspace       used 121605K, committed 123776K, reserved 1179648K
  class space    used 16223K, committed 17344K, reserved 1048576K
}
Event: 24.100 GC heap after
{Heap after GC invocations=46 (full 0):
 garbage-first heap   total 186368K, used 116464K [0x0000000080000000, 0x0000000100000000)
  region size 1024K, 5 young (5120K), 5 survivors (5120K)
 Metaspace       used 121605K, committed 123776K, reserved 1179648K
  class space    used 16223K, committed 17344K, reserved 1048576K
}
Event: 24.946 GC heap before
{Heap before GC invocations=47 (full 0):
 garbage-first heap   total 196608K, used 171760K [0x0000000080000000, 0x0000000100000000)
  region size 1024K, 56 young (57344K), 5 survivors (5120K)
 Metaspace       used 123679K, committed 125824K, reserved 1179648K
  class space    used 16515K, committed 17600K, reserved 1048576K
}
Event: 24.956 GC heap after
{Heap after GC invocations=48 (full 0):
 garbage-first heap   total 196608K, used 128000K [0x0000000080000000, 0x0000000100000000)
  region size 1024K, 7 young (7168K), 7 survivors (7168K)
 Metaspace       used 123679K, committed 125824K, reserved 1179648K
  class space    used 16515K, committed 17600K, reserved 1048576K
}
Event: 25.817 GC heap before
{Heap before GC invocations=48 (full 0):
 garbage-first heap   total 196608K, used 174080K [0x0000000080000000, 0x0000000100000000)
  region size 1024K, 52 young (53248K), 7 survivors (7168K)
 Metaspace       used 124463K, committed 126656K, reserved 1179648K
  class space    used 16589K, committed 17728K, reserved 1048576K
}
Event: 25.833 GC heap after
{Heap after GC invocations=49 (full 0):
 garbage-first heap   total 202752K, used 146432K [0x0000000080000000, 0x0000000100000000)
  region size 1024K, 7 young (7168K), 7 survivors (7168K)
 Metaspace       used 124463K, committed 126656K, reserved 1179648K
  class space    used 16589K, committed 17728K, reserved 1048576K
}
Event: 25.859 GC heap before
{Heap before GC invocations=49 (full 0):
 garbage-first heap   total 202752K, used 149504K [0x0000000080000000, 0x0000000100000000)
  region size 1024K, 11 young (11264K), 7 survivors (7168K)
 Metaspace       used 124482K, committed 126720K, reserved 1179648K
  class space    used 16590K, committed 17728K, reserved 1048576K
}
Event: 25.866 GC heap after
{Heap after GC invocations=50 (full 0):
 garbage-first heap   total 202752K, used 151225K [0x0000000080000000, 0x0000000100000000)
  region size 1024K, 4 young (4096K), 4 survivors (4096K)
 Metaspace       used 124482K, committed 126720K, reserved 1179648K
  class space    used 16590K, committed 17728K, reserved 1048576K
}

