# JRE version: OpenJDK Runtime Environment (21.0.4) (build 21.0.4+-12508038-b607.1)
# Java VM: OpenJDK 64-Bit Server VM (21.0.4+-12508038-b607.1, mixed mode, tiered, compressed oops, compressed class ptrs, g1 gc, windows-amd64)
GC Precious Log:
 CardTable entry size: 512
 Card Set container configuration: InlinePtr #cards 5 size 8 Array Of Cards #cards 12 size 40 Howl #buckets 4 coarsen threshold 1843 Howl Bitmap #cards 512 size 80 coarsen threshold 460 Card regions per heap region 1 cards per card region 2048
 CPUs: 8 total, 8 available
 Memory: 7834M
 Large Page Support: Disabled
 NUMA Support: Disabled
 Compressed Oops: Enabled (32-bit)
 Heap Region Size: 1M
 Heap Min Capacity: 8M
 Heap Initial Capacity: 124M
 Heap Max Capacity: 2G
 Pre-touch: Disabled
 Parallel Workers: 8
 Concurrent Workers: 2
 Concurrent Refinement Workers: 8
 Periodic GC: Disabled
Heap:
 garbage-first heap   total 186368K, used 112637K [0x0000000080000000, 0x0000000100000000)
  region size 1024K, 5 young (5120K), 5 survivors (5120K)
 Metaspace       used 116205K, committed 118336K, reserved 1179648K
  class space    used 15528K, committed 16576K, reserved 1048576K
GC Heap History (20 events):
Event: 11.370 GC heap after
{Heap after GC invocations=28 (full 0):
 garbage-first heap   total 131072K, used 80656K [0x0000000080000000, 0x0000000100000000)
  region size 1024K, 4 young (4096K), 4 survivors (4096K)
 Metaspace       used 87639K, committed 89536K, reserved 1179648K
  class space    used 11540K, committed 12480K, reserved 1048576K
}
Event: 11.865 GC heap before
{Heap before GC invocations=29 (full 0):
 garbage-first heap   total 137216K, used 117520K [0x0000000080000000, 0x0000000100000000)
  region size 1024K, 40 young (40960K), 4 survivors (4096K)
 Metaspace       used 90578K, committed 92480K, reserved 1179648K
  class space    used 11949K, committed 12928K, reserved 1048576K
}
Event: 11.870 GC heap after
{Heap after GC invocations=30 (full 0):
 garbage-first heap   total 137216K, used 82545K [0x0000000080000000, 0x0000000100000000)
  region size 1024K, 4 young (4096K), 4 survivors (4096K)
 Metaspace       used 90578K, committed 92480K, reserved 1179648K
  class space    used 11949K, committed 12928K, reserved 1048576K
}
Event: 12.139 GC heap before
{Heap before GC invocations=30 (full 0):
 garbage-first heap   total 137216K, used 123505K [0x0000000080000000, 0x0000000100000000)
  region size 1024K, 44 young (45056K), 4 survivors (4096K)
 Metaspace       used 91472K, committed 93376K, reserved 1179648K
  class space    used 12087K, committed 13056K, reserved 1048576K
}
Event: 12.145 GC heap after
{Heap after GC invocations=31 (full 0):
 garbage-first heap   total 164864K, used 86053K [0x0000000080000000, 0x0000000100000000)
  region size 1024K, 6 young (6144K), 6 survivors (6144K)
 Metaspace       used 91472K, committed 93376K, reserved 1179648K
  class space    used 12087K, committed 13056K, reserved 1048576K
}
Event: 12.767 GC heap before
{Heap before GC invocations=31 (full 0):
 garbage-first heap   total 164864K, used 148517K [0x0000000080000000, 0x0000000100000000)
  region size 1024K, 67 young (68608K), 6 survivors (6144K)
 Metaspace       used 95971K, committed 97920K, reserved 1179648K
  class space    used 12676K, committed 13632K, reserved 1048576K
}
Event: 12.773 GC heap after
{Heap after GC invocations=32 (full 0):
 garbage-first heap   total 164864K, used 89612K [0x0000000080000000, 0x0000000100000000)
  region size 1024K, 8 young (8192K), 8 survivors (8192K)
 Metaspace       used 95971K, committed 97920K, reserved 1179648K
  class space    used 12676K, committed 13632K, reserved 1048576K
}
Event: 13.814 GC heap before
{Heap before GC invocations=32 (full 0):
 garbage-first heap   total 164864K, used 145932K [0x0000000080000000, 0x0000000100000000)
  region size 1024K, 63 young (64512K), 8 survivors (8192K)
 Metaspace       used 100926K, committed 102912K, reserved 1179648K
  class space    used 13526K, committed 14528K, reserved 1048576K
}
Event: 13.820 GC heap after
{Heap after GC invocations=33 (full 0):
 garbage-first heap   total 164864K, used 92050K [0x0000000080000000, 0x0000000100000000)
  region size 1024K, 6 young (6144K), 6 survivors (6144K)
 Metaspace       used 100926K, committed 102912K, reserved 1179648K
  class space    used 13526K, committed 14528K, reserved 1048576K
}
Event: 14.530 GC heap before
{Heap before GC invocations=33 (full 0):
 garbage-first heap   total 164864K, used 148370K [0x0000000080000000, 0x0000000100000000)
  region size 1024K, 61 young (62464K), 6 survivors (6144K)
 Metaspace       used 105046K, committed 107072K, reserved 1179648K
  class space    used 14128K, committed 15168K, reserved 1048576K
}
Event: 14.538 GC heap after
{Heap after GC invocations=34 (full 0):
 garbage-first heap   total 164864K, used 95714K [0x0000000080000000, 0x0000000100000000)
  region size 1024K, 6 young (6144K), 6 survivors (6144K)
 Metaspace       used 105046K, committed 107072K, reserved 1179648K
  class space    used 14128K, committed 15168K, reserved 1048576K
}
Event: 15.265 GC heap before
{Heap before GC invocations=35 (full 0):
 garbage-first heap   total 164864K, used 148962K [0x0000000080000000, 0x0000000100000000)
  region size 1024K, 58 young (59392K), 6 survivors (6144K)
 Metaspace       used 109957K, committed 112000K, reserved 1179648K
  class space    used 14847K, committed 15872K, reserved 1048576K
}
Event: 15.277 GC heap after
{Heap after GC invocations=36 (full 0):
 garbage-first heap   total 164864K, used 98773K [0x0000000080000000, 0x0000000100000000)
  region size 1024K, 7 young (7168K), 7 survivors (7168K)
 Metaspace       used 109957K, committed 112000K, reserved 1179648K
  class space    used 14847K, committed 15872K, reserved 1048576K
}
Event: 15.892 GC heap before
{Heap before GC invocations=36 (full 0):
 garbage-first heap   total 164864K, used 152021K [0x0000000080000000, 0x0000000100000000)
  region size 1024K, 55 young (56320K), 7 survivors (7168K)
 Metaspace       used 113773K, committed 115968K, reserved 1179648K
  class space    used 15205K, committed 16320K, reserved 1048576K
}
Event: 15.901 GC heap after
{Heap after GC invocations=37 (full 0):
 garbage-first heap   total 167936K, used 103481K [0x0000000080000000, 0x0000000100000000)
  region size 1024K, 7 young (7168K), 7 survivors (7168K)
 Metaspace       used 113773K, committed 115968K, reserved 1179648K
  class space    used 15205K, committed 16320K, reserved 1048576K
}
Event: 16.383 GC heap before
{Heap before GC invocations=37 (full 0):
 garbage-first heap   total 167936K, used 149561K [0x0000000080000000, 0x0000000100000000)
  region size 1024K, 53 young (54272K), 7 survivors (7168K)
 Metaspace       used 116160K, committed 118272K, reserved 1179648K
  class space    used 15528K, committed 16576K, reserved 1048576K
}
Event: 16.391 GC heap after
{Heap after GC invocations=38 (full 0):
 garbage-first heap   total 167936K, used 111053K [0x0000000080000000, 0x0000000100000000)
  region size 1024K, 7 young (7168K), 7 survivors (7168K)
 Metaspace       used 116160K, committed 118272K, reserved 1179648K
  class space    used 15528K, committed 16576K, reserved 1048576K
}
Event: 16.521 GC heap before
{Heap before GC invocations=39 (full 0):
 garbage-first heap   total 186368K, used 150989K [0x0000000080000000, 0x0000000100000000)
  region size 1024K, 46 young (47104K), 7 survivors (7168K)
 Metaspace       used 116167K, committed 118272K, reserved 1179648K
  class space    used 15528K, committed 16576K, reserved 1048576K
}
Event: 16.526 GC heap after
{Heap after GC invocations=40 (full 0):
 garbage-first heap   total 186368K, used 112455K [0x0000000080000000, 0x0000000100000000)
  region size 1024K, 4 young (4096K), 4 survivors (4096K)
 Metaspace       used 116167K, committed 118272K, reserved 1179648K
  class space    used 15528K, committed 16576K, reserved 1048576K
}
Event: 16.722 GC heap before
{Heap before GC invocations=40 (full 0):
 garbage-first heap   total 186368K, used 167751K [0x0000000080000000, 0x0000000100000000)
  region size 1024K, 59 young (60416K), 4 survivors (4096K)
 Metaspace       used 116205K, committed 118336K, reserved 1179648K
  class space    used 15528K, committed 16576K, reserved 1048576K
}

