# JRE version: OpenJDK Runtime Environment (21.0.4) (build 21.0.4+-12508038-b607.1)
# Java VM: OpenJDK 64-Bit Server VM (21.0.4+-12508038-b607.1, mixed mode, tiered, compressed oops, compressed class ptrs, g1 gc, windows-amd64)
GC Precious Log:
 CardTable entry size: 512
 Card Set container configuration: InlinePtr #cards 5 size 8 Array Of Cards #cards 12 size 40 Howl #buckets 4 coarsen threshold 1843 Howl Bitmap #cards 512 size 80 coarsen threshold 460 Card regions per heap region 1 cards per card region 2048
 CPUs: 8 total, 8 available
 Memory: 7834M
 Large Page Support: Disabled
 NUMA Support: Disabled
 Compressed Oops: Enabled (32-bit)
 Heap Region Size: 1M
 Heap Min Capacity: 8M
 Heap Initial Capacity: 124M
 Heap Max Capacity: 2G
 Pre-touch: Disabled
 Parallel Workers: 8
 Concurrent Workers: 2
 Concurrent Refinement Workers: 8
 Periodic GC: Disabled
Heap:
 garbage-first heap   total 212992K, used 164864K [0x0000000080000000, 0x0000000100000000)
  region size 1024K, 12 young (12288K), 7 survivors (7168K)
 Metaspace       used 119451K, committed 121664K, reserved 1179648K
  class space    used 15891K, committed 16960K, reserved 1048576K
GC Heap History (20 events):
Event: 14.707 GC heap before
{Heap before GC invocations=36 (full 0):
 garbage-first heap   total 148480K, used 134788K [0x0000000080000000, 0x0000000100000000)
  region size 1024K, 49 young (50176K), 5 survivors (5120K)
 Metaspace       used 101470K, committed 103488K, reserved 1179648K
  class space    used 13618K, committed 14656K, reserved 1048576K
}
Event: 14.715 GC heap after
{Heap after GC invocations=37 (full 0):
 garbage-first heap   total 148480K, used 91402K [0x0000000080000000, 0x0000000100000000)
  region size 1024K, 4 young (4096K), 4 survivors (4096K)
 Metaspace       used 101470K, committed 103488K, reserved 1179648K
  class space    used 13618K, committed 14656K, reserved 1048576K
}
Event: 15.288 GC heap before
{Heap before GC invocations=37 (full 0):
 garbage-first heap   total 148480K, used 135434K [0x0000000080000000, 0x0000000100000000)
  region size 1024K, 47 young (48128K), 4 survivors (4096K)
 Metaspace       used 104863K, committed 106944K, reserved 1179648K
  class space    used 14118K, committed 15168K, reserved 1048576K
}
Event: 15.297 GC heap after
{Heap after GC invocations=38 (full 0):
 garbage-first heap   total 148480K, used 94572K [0x0000000080000000, 0x0000000100000000)
  region size 1024K, 6 young (6144K), 6 survivors (6144K)
 Metaspace       used 104863K, committed 106944K, reserved 1179648K
  class space    used 14118K, committed 15168K, reserved 1048576K
}
Event: 15.719 GC heap before
{Heap before GC invocations=39 (full 0):
 garbage-first heap   total 158720K, used 132460K [0x0000000080000000, 0x0000000100000000)
  region size 1024K, 43 young (44032K), 6 survivors (6144K)
 Metaspace       used 108288K, committed 110464K, reserved 1179648K
  class space    used 14656K, committed 15744K, reserved 1048576K
}
Event: 15.725 GC heap after
{Heap after GC invocations=40 (full 0):
 garbage-first heap   total 158720K, used 96100K [0x0000000080000000, 0x0000000100000000)
  region size 1024K, 5 young (5120K), 5 survivors (5120K)
 Metaspace       used 108288K, committed 110464K, reserved 1179648K
  class space    used 14656K, committed 15744K, reserved 1048576K
}
Event: 16.292 GC heap before
{Heap before GC invocations=40 (full 0):
 garbage-first heap   total 158720K, used 142180K [0x0000000080000000, 0x0000000100000000)
  region size 1024K, 51 young (52224K), 5 survivors (5120K)
 Metaspace       used 111704K, committed 113856K, reserved 1179648K
  class space    used 15074K, committed 16128K, reserved 1048576K
}
Event: 16.299 GC heap after
{Heap after GC invocations=41 (full 0):
 garbage-first heap   total 190464K, used 99131K [0x0000000080000000, 0x0000000100000000)
  region size 1024K, 6 young (6144K), 6 survivors (6144K)
 Metaspace       used 111704K, committed 113856K, reserved 1179648K
  class space    used 15074K, committed 16128K, reserved 1048576K
}
Event: 17.282 GC heap before
{Heap before GC invocations=41 (full 0):
 garbage-first heap   total 190464K, used 176955K [0x0000000080000000, 0x0000000100000000)
  region size 1024K, 78 young (79872K), 6 survivors (6144K)
 Metaspace       used 116228K, committed 118400K, reserved 1179648K
  class space    used 15539K, committed 16640K, reserved 1048576K
}
Event: 17.292 GC heap after
{Heap after GC invocations=42 (full 0):
 garbage-first heap   total 195584K, used 109649K [0x0000000080000000, 0x0000000100000000)
  region size 1024K, 10 young (10240K), 10 survivors (10240K)
 Metaspace       used 116228K, committed 118400K, reserved 1179648K
  class space    used 15539K, committed 16640K, reserved 1048576K
}
Event: 17.484 GC heap before
{Heap before GC invocations=42 (full 0):
 garbage-first heap   total 195584K, used 173137K [0x0000000080000000, 0x0000000100000000)
  region size 1024K, 72 young (73728K), 10 survivors (10240K)
 Metaspace       used 116244K, committed 118464K, reserved 1179648K
  class space    used 15539K, committed 16640K, reserved 1048576K
}
Event: 17.493 GC heap after
{Heap after GC invocations=43 (full 0):
 garbage-first heap   total 195584K, used 114238K [0x0000000080000000, 0x0000000100000000)
  region size 1024K, 5 young (5120K), 5 survivors (5120K)
 Metaspace       used 116244K, committed 118464K, reserved 1179648K
  class space    used 15539K, committed 16640K, reserved 1048576K
}
Event: 17.713 GC heap before
{Heap before GC invocations=43 (full 0):
 garbage-first heap   total 195584K, used 152126K [0x0000000080000000, 0x0000000100000000)
  region size 1024K, 43 young (44032K), 5 survivors (5120K)
 Metaspace       used 116593K, committed 118784K, reserved 1179648K
  class space    used 15612K, committed 16704K, reserved 1048576K
}
Event: 17.717 GC heap after
{Heap after GC invocations=44 (full 0):
 garbage-first heap   total 195584K, used 115250K [0x0000000080000000, 0x0000000100000000)
  region size 1024K, 6 young (6144K), 6 survivors (6144K)
 Metaspace       used 116593K, committed 118784K, reserved 1179648K
  class space    used 15612K, committed 16704K, reserved 1048576K
}
Event: 19.341 GC heap before
{Heap before GC invocations=45 (full 0):
 garbage-first heap   total 195584K, used 177714K [0x0000000080000000, 0x0000000100000000)
  region size 1024K, 67 young (68608K), 6 survivors (6144K)
 Metaspace       used 118752K, committed 120896K, reserved 1179648K
  class space    used 15834K, committed 16896K, reserved 1048576K
}
Event: 19.356 GC heap after
{Heap after GC invocations=46 (full 0):
 garbage-first heap   total 195584K, used 121126K [0x0000000080000000, 0x0000000100000000)
  region size 1024K, 9 young (9216K), 9 survivors (9216K)
 Metaspace       used 118752K, committed 120896K, reserved 1179648K
  class space    used 15834K, committed 16896K, reserved 1048576K
}
Event: 20.747 GC heap before
{Heap before GC invocations=46 (full 0):
 garbage-first heap   total 195584K, used 182566K [0x0000000080000000, 0x0000000100000000)
  region size 1024K, 61 young (62464K), 9 survivors (9216K)
 Metaspace       used 118902K, committed 121088K, reserved 1179648K
  class space    used 15834K, committed 16896K, reserved 1048576K
}
Event: 20.768 GC heap after
{Heap after GC invocations=47 (full 0):
 garbage-first heap   total 212992K, used 139473K [0x0000000080000000, 0x0000000100000000)
  region size 1024K, 8 young (8192K), 8 survivors (8192K)
 Metaspace       used 118902K, committed 121088K, reserved 1179648K
  class space    used 15834K, committed 16896K, reserved 1048576K
}
Event: 21.861 GC heap before
{Heap before GC invocations=47 (full 0):
 garbage-first heap   total 212992K, used 182481K [0x0000000080000000, 0x0000000100000000)
  region size 1024K, 51 young (52224K), 8 survivors (8192K)
 Metaspace       used 119353K, committed 121536K, reserved 1179648K
  class space    used 15880K, committed 16960K, reserved 1048576K
}
Event: 21.870 GC heap after
{Heap after GC invocations=48 (full 0):
 garbage-first heap   total 212992K, used 153600K [0x0000000080000000, 0x0000000100000000)
  region size 1024K, 7 young (7168K), 7 survivors (7168K)
 Metaspace       used 119353K, committed 121536K, reserved 1179648K
  class space    used 15880K, committed 16960K, reserved 1048576K
}

