# JRE version: OpenJDK Runtime Environment (21.0.4) (build 21.0.4+-12508038-b607.1)
# Java VM: OpenJDK 64-Bit Server VM (21.0.4+-12508038-b607.1, mixed mode, tiered, compressed oops, compressed class ptrs, g1 gc, windows-amd64)
GC Precious Log:
 CardTable entry size: 512
 Card Set container configuration: InlinePtr #cards 5 size 8 Array Of Cards #cards 12 size 40 Howl #buckets 4 coarsen threshold 1843 Howl Bitmap #cards 512 size 80 coarsen threshold 460 Card regions per heap region 1 cards per card region 2048
 CPUs: 8 total, 8 available
 Memory: 7834M
 Large Page Support: Disabled
 NUMA Support: Disabled
 Compressed Oops: Enabled (32-bit)
 Heap Region Size: 1M
 Heap Min Capacity: 8M
 Heap Initial Capacity: 124M
 Heap Max Capacity: 2G
 Pre-touch: Disabled
 Parallel Workers: 8
 Concurrent Workers: 2
 Concurrent Refinement Workers: 8
 Periodic GC: Disabled
Heap:
 garbage-first heap   total 302080K, used 260240K [0x0000000080000000, 0x0000000100000000)
  region size 1024K, 80 young (81920K), 5 survivors (5120K)
 Metaspace       used 141256K, committed 143744K, reserved 1179648K
  class space    used 18286K, committed 19584K, reserved 1048576K
GC Heap History (20 events):
Event: 13.236 GC heap before
{Heap before GC invocations=39 (full 0):
 garbage-first heap   total 215040K, used 213353K [0x0000000080000000, 0x0000000100000000)
  region size 1024K, 71 young (72704K), 6 survivors (6144K)
 Metaspace       used 109449K, committed 111680K, reserved 1179648K
  class space    used 14572K, committed 15680K, reserved 1048576K
}
Event: 13.246 GC heap after
{Heap after GC invocations=40 (full 0):
 garbage-first heap   total 231424K, used 149782K [0x0000000080000000, 0x0000000100000000)
  region size 1024K, 10 young (10240K), 10 survivors (10240K)
 Metaspace       used 109449K, committed 111680K, reserved 1179648K
  class space    used 14572K, committed 15680K, reserved 1048576K
}
Event: 13.259 GC heap before
{Heap before GC invocations=40 (full 0):
 garbage-first heap   total 231424K, used 149782K [0x0000000080000000, 0x0000000100000000)
  region size 1024K, 11 young (11264K), 10 survivors (10240K)
 Metaspace       used 109449K, committed 111680K, reserved 1179648K
  class space    used 14572K, committed 15680K, reserved 1048576K
}
Event: 13.265 GC heap after
{Heap after GC invocations=41 (full 0):
 garbage-first heap   total 231424K, used 151784K [0x0000000080000000, 0x0000000100000000)
  region size 1024K, 2 young (2048K), 2 survivors (2048K)
 Metaspace       used 109449K, committed 111680K, reserved 1179648K
  class space    used 14572K, committed 15680K, reserved 1048576K
}
Event: 13.701 GC heap before
{Heap before GC invocations=42 (full 0):
 garbage-first heap   total 256000K, used 194792K [0x0000000080000000, 0x0000000100000000)
  region size 1024K, 43 young (44032K), 2 survivors (2048K)
 Metaspace       used 114074K, committed 116288K, reserved 1179648K
  class space    used 15254K, committed 16384K, reserved 1048576K
}
Event: 13.705 GC heap after
{Heap after GC invocations=43 (full 0):
 garbage-first heap   total 256000K, used 155389K [0x0000000080000000, 0x0000000100000000)
  region size 1024K, 4 young (4096K), 4 survivors (4096K)
 Metaspace       used 114074K, committed 116288K, reserved 1179648K
  class space    used 15254K, committed 16384K, reserved 1048576K
}
Event: 14.424 GC heap before
{Heap before GC invocations=43 (full 0):
 garbage-first heap   total 256000K, used 213757K [0x0000000080000000, 0x0000000100000000)
  region size 1024K, 60 young (61440K), 4 survivors (4096K)
 Metaspace       used 121367K, committed 123648K, reserved 1179648K
  class space    used 16170K, committed 17280K, reserved 1048576K
}
Event: 14.430 GC heap after
{Heap after GC invocations=44 (full 0):
 garbage-first heap   total 256000K, used 157100K [0x0000000080000000, 0x0000000100000000)
  region size 1024K, 7 young (7168K), 7 survivors (7168K)
 Metaspace       used 121367K, committed 123648K, reserved 1179648K
  class space    used 16170K, committed 17280K, reserved 1048576K
}
Event: 15.122 GC heap before
{Heap before GC invocations=44 (full 0):
 garbage-first heap   total 256000K, used 217516K [0x0000000080000000, 0x0000000100000000)
  region size 1024K, 66 young (67584K), 7 survivors (7168K)
 Metaspace       used 126622K, committed 128960K, reserved 1179648K
  class space    used 16804K, committed 17984K, reserved 1048576K
}
Event: 15.129 GC heap after
{Heap after GC invocations=45 (full 0):
 garbage-first heap   total 256000K, used 160574K [0x0000000080000000, 0x0000000100000000)
  region size 1024K, 7 young (7168K), 7 survivors (7168K)
 Metaspace       used 126622K, committed 128960K, reserved 1179648K
  class space    used 16804K, committed 17984K, reserved 1048576K
}
Event: 15.769 GC heap before
{Heap before GC invocations=46 (full 0):
 garbage-first heap   total 270336K, used 220990K [0x0000000080000000, 0x0000000100000000)
  region size 1024K, 67 young (68608K), 7 survivors (7168K)
 Metaspace       used 127270K, committed 129664K, reserved 1179648K
  class space    used 16846K, committed 18048K, reserved 1048576K
}
Event: 15.775 GC heap after
{Heap after GC invocations=47 (full 0):
 garbage-first heap   total 270336K, used 166769K [0x0000000080000000, 0x0000000100000000)
  region size 1024K, 9 young (9216K), 9 survivors (9216K)
 Metaspace       used 127270K, committed 129664K, reserved 1179648K
  class space    used 16846K, committed 18048K, reserved 1048576K
}
Event: 15.992 GC heap before
{Heap before GC invocations=47 (full 0):
 garbage-first heap   total 270336K, used 235377K [0x0000000080000000, 0x0000000100000000)
  region size 1024K, 76 young (77824K), 9 survivors (9216K)
 Metaspace       used 127335K, committed 129728K, reserved 1179648K
  class space    used 16850K, committed 18048K, reserved 1048576K
}
Event: 15.998 GC heap after
{Heap after GC invocations=48 (full 0):
 garbage-first heap   total 270336K, used 169614K [0x0000000080000000, 0x0000000100000000)
  region size 1024K, 5 young (5120K), 5 survivors (5120K)
 Metaspace       used 127335K, committed 129728K, reserved 1179648K
  class space    used 16850K, committed 18048K, reserved 1048576K
}
Event: 16.439 GC heap before
{Heap before GC invocations=48 (full 0):
 garbage-first heap   total 270336K, used 240270K [0x0000000080000000, 0x0000000100000000)
  region size 1024K, 74 young (75776K), 5 survivors (5120K)
 Metaspace       used 129218K, committed 131648K, reserved 1179648K
  class space    used 17052K, committed 18304K, reserved 1048576K
}
Event: 16.446 GC heap after
{Heap after GC invocations=49 (full 0):
 garbage-first heap   total 270336K, used 174418K [0x0000000080000000, 0x0000000100000000)
  region size 1024K, 10 young (10240K), 10 survivors (10240K)
 Metaspace       used 129218K, committed 131648K, reserved 1179648K
  class space    used 17052K, committed 18304K, reserved 1048576K
}
Event: 17.488 GC heap before
{Heap before GC invocations=49 (full 0):
 garbage-first heap   total 270336K, used 242002K [0x0000000080000000, 0x0000000100000000)
  region size 1024K, 77 young (78848K), 10 survivors (10240K)
 Metaspace       used 135356K, committed 137728K, reserved 1179648K
  class space    used 17733K, committed 18944K, reserved 1048576K
}
Event: 17.495 GC heap after
{Heap after GC invocations=50 (full 0):
 garbage-first heap   total 270336K, used 181034K [0x0000000080000000, 0x0000000100000000)
  region size 1024K, 7 young (7168K), 7 survivors (7168K)
 Metaspace       used 135356K, committed 137728K, reserved 1179648K
  class space    used 17733K, committed 18944K, reserved 1048576K
}
Event: 20.141 GC heap before
{Heap before GC invocations=51 (full 0):
 garbage-first heap   total 302080K, used 244522K [0x0000000080000000, 0x0000000100000000)
  region size 1024K, 70 young (71680K), 7 survivors (7168K)
 Metaspace       used 140042K, committed 142464K, reserved 1179648K
  class space    used 18171K, committed 19392K, reserved 1048576K
}
Event: 20.151 GC heap after
{Heap after GC invocations=52 (full 0):
 garbage-first heap   total 302080K, used 185488K [0x0000000080000000, 0x0000000100000000)
  region size 1024K, 5 young (5120K), 5 survivors (5120K)
 Metaspace       used 140042K, committed 142464K, reserved 1179648K
  class space    used 18171K, committed 19392K, reserved 1048576K
}

