# JRE version: OpenJDK Runtime Environment (21.0.4) (build 21.0.4+-12508038-b607.1)
# Java VM: OpenJDK 64-Bit Server VM (21.0.4+-12508038-b607.1, mixed mode, tiered, compressed oops, compressed class ptrs, g1 gc, windows-amd64)
GC Precious Log:
 CardTable entry size: 512
 Card Set container configuration: InlinePtr #cards 5 size 8 Array Of Cards #cards 12 size 40 Howl #buckets 4 coarsen threshold 1843 Howl Bitmap #cards 512 size 80 coarsen threshold 460 Card regions per heap region 1 cards per card region 2048
 CPUs: 8 total, 8 available
 Memory: 7834M
 Large Page Support: Disabled
 NUMA Support: Disabled
 Compressed Oops: Enabled (32-bit)
 Heap Region Size: 1M
 Heap Min Capacity: 8M
 Heap Initial Capacity: 124M
 Heap Max Capacity: 2G
 Pre-touch: Disabled
 Parallel Workers: 8
 Concurrent Workers: 2
 Concurrent Refinement Workers: 8
 Periodic GC: Disabled
Heap:
 garbage-first heap   total 326656K, used 243312K [0x0000000080000000, 0x0000000100000000)
  region size 1024K, 20 young (20480K), 6 survivors (6144K)
 Metaspace       used 151798K, committed 154304K, reserved 1245184K
  class space    used 19772K, committed 21056K, reserved 1048576K
GC Heap History (20 events):
Event: 17.383 GC heap before
{Heap before GC invocations=45 (full 0):
 garbage-first heap   total 276480K, used 211140K [0x0000000080000000, 0x0000000100000000)
  region size 1024K, 54 young (55296K), 8 survivors (8192K)
 Metaspace       used 133203K, committed 135488K, reserved 1179648K
  class space    used 17683K, committed 18816K, reserved 1048576K
}
Event: 17.389 GC heap after
{Heap after GC invocations=46 (full 0):
 garbage-first heap   total 276480K, used 169879K [0x0000000080000000, 0x0000000100000000)
  region size 1024K, 5 young (5120K), 5 survivors (5120K)
 Metaspace       used 133203K, committed 135488K, reserved 1179648K
  class space    used 17683K, committed 18816K, reserved 1048576K
}
Event: 17.724 GC heap before
{Heap before GC invocations=46 (full 0):
 garbage-first heap   total 276480K, used 251799K [0x0000000080000000, 0x0000000100000000)
  region size 1024K, 86 young (88064K), 5 survivors (5120K)
 Metaspace       used 133697K, committed 136000K, reserved 1179648K
  class space    used 17728K, committed 18880K, reserved 1048576K
}
Event: 17.730 GC heap after
{Heap after GC invocations=47 (full 0):
 garbage-first heap   total 276480K, used 172125K [0x0000000080000000, 0x0000000100000000)
  region size 1024K, 9 young (9216K), 9 survivors (9216K)
 Metaspace       used 133697K, committed 136000K, reserved 1179648K
  class space    used 17728K, committed 18880K, reserved 1048576K
}
Event: 18.334 GC heap before
{Heap before GC invocations=47 (full 0):
 garbage-first heap   total 276480K, used 250973K [0x0000000080000000, 0x0000000100000000)
  region size 1024K, 87 young (89088K), 9 survivors (9216K)
 Metaspace       used 136926K, committed 139264K, reserved 1179648K
  class space    used 18075K, committed 19264K, reserved 1048576K
}
Event: 18.342 GC heap after
{Heap after GC invocations=48 (full 0):
 garbage-first heap   total 276480K, used 178501K [0x0000000080000000, 0x0000000100000000)
  region size 1024K, 10 young (10240K), 10 survivors (10240K)
 Metaspace       used 136926K, committed 139264K, reserved 1179648K
  class space    used 18075K, committed 19264K, reserved 1048576K
}
Event: 19.399 GC heap before
{Heap before GC invocations=49 (full 0):
 garbage-first heap   total 299008K, used 248133K [0x0000000080000000, 0x0000000100000000)
  region size 1024K, 79 young (80896K), 10 survivors (10240K)
 Metaspace       used 143844K, committed 146176K, reserved 1179648K
  class space    used 18793K, committed 19968K, reserved 1048576K
}
Event: 19.407 GC heap after
{Heap after GC invocations=50 (full 0):
 garbage-first heap   total 299008K, used 182892K [0x0000000080000000, 0x0000000100000000)
  region size 1024K, 5 young (5120K), 5 survivors (5120K)
 Metaspace       used 143844K, committed 146176K, reserved 1179648K
  class space    used 18793K, committed 19968K, reserved 1048576K
}
Event: 25.872 GC heap before
{Heap before GC invocations=50 (full 0):
 garbage-first heap   total 299008K, used 275052K [0x0000000080000000, 0x0000000100000000)
  region size 1024K, 96 young (98304K), 5 survivors (5120K)
 Metaspace       used 146648K, committed 149120K, reserved 1179648K
  class space    used 19054K, committed 20288K, reserved 1048576K
}
Event: 25.894 GC heap after
{Heap after GC invocations=51 (full 0):
 garbage-first heap   total 299008K, used 185383K [0x0000000080000000, 0x0000000100000000)
  region size 1024K, 9 young (9216K), 9 survivors (9216K)
 Metaspace       used 146648K, committed 149120K, reserved 1179648K
  class space    used 19054K, committed 20288K, reserved 1048576K
}
Event: 27.408 GC heap before
{Heap before GC invocations=51 (full 0):
 garbage-first heap   total 299008K, used 271399K [0x0000000080000000, 0x0000000100000000)
  region size 1024K, 94 young (96256K), 9 survivors (9216K)
 Metaspace       used 149438K, committed 152000K, reserved 1245184K
  class space    used 19418K, committed 20736K, reserved 1048576K
}
Event: 27.428 GC heap after
{Heap after GC invocations=52 (full 0):
 garbage-first heap   total 299008K, used 194776K [0x0000000080000000, 0x0000000100000000)
  region size 1024K, 12 young (12288K), 12 survivors (12288K)
 Metaspace       used 149438K, committed 152000K, reserved 1245184K
  class space    used 19418K, committed 20736K, reserved 1048576K
}
Event: 28.442 GC heap before
{Heap before GC invocations=53 (full 0):
 garbage-first heap   total 326656K, used 268504K [0x0000000080000000, 0x0000000100000000)
  region size 1024K, 84 young (86016K), 12 survivors (12288K)
 Metaspace       used 149911K, committed 152384K, reserved 1245184K
  class space    used 19506K, committed 20800K, reserved 1048576K
}
Event: 28.458 GC heap after
{Heap after GC invocations=54 (full 0):
 garbage-first heap   total 326656K, used 201993K [0x0000000080000000, 0x0000000100000000)
  region size 1024K, 7 young (7168K), 7 survivors (7168K)
 Metaspace       used 149911K, committed 152384K, reserved 1245184K
  class space    used 19506K, committed 20800K, reserved 1048576K
}
Event: 29.248 GC heap before
{Heap before GC invocations=54 (full 0):
 garbage-first heap   total 326656K, used 301321K [0x0000000080000000, 0x0000000100000000)
  region size 1024K, 104 young (106496K), 7 survivors (7168K)
 Metaspace       used 150012K, committed 152512K, reserved 1245184K
  class space    used 19518K, committed 20800K, reserved 1048576K
}
Event: 29.255 GC heap after
{Heap after GC invocations=55 (full 0):
 garbage-first heap   total 326656K, used 206275K [0x0000000080000000, 0x0000000100000000)
  region size 1024K, 10 young (10240K), 10 survivors (10240K)
 Metaspace       used 150012K, committed 152512K, reserved 1245184K
  class space    used 19518K, committed 20800K, reserved 1048576K
}
Event: 30.012 GC heap before
{Heap before GC invocations=55 (full 0):
 garbage-first heap   total 326656K, used 297411K [0x0000000080000000, 0x0000000100000000)
  region size 1024K, 100 young (102400K), 10 survivors (10240K)
 Metaspace       used 151110K, committed 153664K, reserved 1245184K
  class space    used 19683K, committed 20992K, reserved 1048576K
}
Event: 30.024 GC heap after
{Heap after GC invocations=56 (full 0):
 garbage-first heap   total 326656K, used 209386K [0x0000000080000000, 0x0000000100000000)
  region size 1024K, 12 young (12288K), 12 survivors (12288K)
 Metaspace       used 151110K, committed 153664K, reserved 1245184K
  class space    used 19683K, committed 20992K, reserved 1048576K
}
Event: 30.425 GC heap before
{Heap before GC invocations=56 (full 0):
 garbage-first heap   total 326656K, used 294378K [0x0000000080000000, 0x0000000100000000)
  region size 1024K, 96 young (98304K), 12 survivors (12288K)
 Metaspace       used 151693K, committed 154240K, reserved 1245184K
  class space    used 19757K, committed 21056K, reserved 1048576K
}
Event: 30.434 GC heap after
{Heap after GC invocations=57 (full 0):
 garbage-first heap   total 326656K, used 212592K [0x0000000080000000, 0x0000000100000000)
  region size 1024K, 6 young (6144K), 6 survivors (6144K)
 Metaspace       used 151693K, committed 154240K, reserved 1245184K
  class space    used 19757K, committed 21056K, reserved 1048576K
}

