# JRE version: OpenJDK Runtime Environment (21.0.4) (build 21.0.4+-12508038-b607.1)
# Java VM: OpenJDK 64-Bit Server VM (21.0.4+-12508038-b607.1, mixed mode, tiered, compressed oops, compressed class ptrs, g1 gc, windows-amd64)
GC Precious Log:
 CardTable entry size: 512
 Card Set container configuration: InlinePtr #cards 5 size 8 Array Of Cards #cards 12 size 40 Howl #buckets 4 coarsen threshold 1843 Howl Bitmap #cards 512 size 80 coarsen threshold 460 Card regions per heap region 1 cards per card region 2048
 CPUs: 8 total, 8 available
 Memory: 7834M
 Large Page Support: Disabled
 NUMA Support: Disabled
 Compressed Oops: Enabled (32-bit)
 Heap Region Size: 1M
 Heap Min Capacity: 8M
 Heap Initial Capacity: 124M
 Heap Max Capacity: 2G
 Pre-touch: Disabled
 Parallel Workers: 8
 Concurrent Workers: 2
 Concurrent Refinement Workers: 8
 Periodic GC: Disabled
Heap:
 garbage-first heap   total 318464K, used 263975K [0x0000000080000000, 0x0000000100000000)
  region size 1024K, 45 young (46080K), 10 survivors (10240K)
 Metaspace       used 164290K, committed 166336K, reserved 1245184K
  class space    used 21036K, committed 22400K, reserved 1048576K
GC Heap History (20 events):
Event: 3216.259 GC heap before
{Heap before GC invocations=57 (full 0):
 garbage-first heap   total 268288K, used 248792K [0x0000000080000000, 0x0000000100000000)
  region size 1024K, 69 young (70656K), 8 survivors (8192K)
 Metaspace       used 157244K, committed 162624K, reserved 1245184K
  class space    used 20473K, committed 22400K, reserved 1048576K
}
Event: 3216.269 GC heap after
{Heap after GC invocations=58 (full 0):
 garbage-first heap   total 268288K, used 160455K [0x0000000080000000, 0x0000000100000000)
  region size 1024K, 2 young (2048K), 2 survivors (2048K)
 Metaspace       used 157244K, committed 162624K, reserved 1245184K
  class space    used 20473K, committed 22400K, reserved 1048576K
}
Event: 3221.112 GC heap before
{Heap before GC invocations=58 (full 0):
 garbage-first heap   total 268288K, used 249543K [0x0000000080000000, 0x0000000100000000)
  region size 1024K, 88 young (90112K), 2 survivors (2048K)
 Metaspace       used 158585K, committed 162752K, reserved 1245184K
  class space    used 20635K, committed 22400K, reserved 1048576K
}
Event: 3221.142 GC heap after
{Heap after GC invocations=59 (full 0):
 garbage-first heap   total 275456K, used 152670K [0x0000000080000000, 0x0000000100000000)
  region size 1024K, 10 young (10240K), 10 survivors (10240K)
 Metaspace       used 158585K, committed 162752K, reserved 1245184K
  class space    used 20635K, committed 22400K, reserved 1048576K
}
Event: 3223.163 GC heap before
{Heap before GC invocations=59 (full 0):
 garbage-first heap   total 275456K, used 255070K [0x0000000080000000, 0x0000000100000000)
  region size 1024K, 105 young (107520K), 10 survivors (10240K)
 Metaspace       used 161394K, committed 163648K, reserved 1245184K
  class space    used 20812K, committed 22400K, reserved 1048576K
}
Event: 3223.179 GC heap after
{Heap after GC invocations=60 (full 0):
 garbage-first heap   total 275456K, used 159744K [0x0000000080000000, 0x0000000100000000)
  region size 1024K, 4 young (4096K), 4 survivors (4096K)
 Metaspace       used 161394K, committed 163648K, reserved 1245184K
  class space    used 20812K, committed 22400K, reserved 1048576K
}
Event: 3223.423 GC heap before
{Heap before GC invocations=60 (full 0):
 garbage-first heap   total 275456K, used 253952K [0x0000000080000000, 0x0000000100000000)
  region size 1024K, 97 young (99328K), 4 survivors (4096K)
 Metaspace       used 161540K, committed 163712K, reserved 1245184K
  class space    used 20827K, committed 22400K, reserved 1048576K
}
Event: 3223.429 GC heap after
{Heap after GC invocations=61 (full 0):
 garbage-first heap   total 275456K, used 162171K [0x0000000080000000, 0x0000000100000000)
  region size 1024K, 7 young (7168K), 7 survivors (7168K)
 Metaspace       used 161540K, committed 163712K, reserved 1245184K
  class space    used 20827K, committed 22400K, reserved 1048576K
}
Event: 3246.111 GC heap before
{Heap before GC invocations=61 (full 0):
 garbage-first heap   total 275456K, used 252283K [0x0000000080000000, 0x0000000100000000)
  region size 1024K, 96 young (98304K), 7 survivors (7168K)
 Metaspace       used 162592K, committed 164672K, reserved 1245184K
  class space    used 20920K, committed 22400K, reserved 1048576K
}
Event: 3246.138 GC heap after
{Heap after GC invocations=62 (full 0):
 garbage-first heap   total 275456K, used 168059K [0x0000000080000000, 0x0000000100000000)
  region size 1024K, 12 young (12288K), 12 survivors (12288K)
 Metaspace       used 162592K, committed 164672K, reserved 1245184K
  class space    used 20920K, committed 22400K, reserved 1048576K
}
Event: 3248.044 GC heap before
{Heap before GC invocations=62 (full 0):
 garbage-first heap   total 275456K, used 246907K [0x0000000080000000, 0x0000000100000000)
  region size 1024K, 90 young (92160K), 12 survivors (12288K)
 Metaspace       used 162797K, committed 164928K, reserved 1245184K
  class space    used 20924K, committed 22400K, reserved 1048576K
}
Event: 3248.067 GC heap after
{Heap after GC invocations=63 (full 0):
 garbage-first heap   total 275456K, used 163718K [0x0000000080000000, 0x0000000100000000)
  region size 1024K, 2 young (2048K), 2 survivors (2048K)
 Metaspace       used 162797K, committed 164928K, reserved 1245184K
  class space    used 20924K, committed 22400K, reserved 1048576K
}
Event: 3308.619 GC heap before
{Heap before GC invocations=64 (full 0):
 garbage-first heap   total 275456K, used 256902K [0x0000000080000000, 0x0000000100000000)
  region size 1024K, 94 young (96256K), 2 survivors (2048K)
 Metaspace       used 163465K, committed 165504K, reserved 1245184K
  class space    used 20999K, committed 22400K, reserved 1048576K
}
Event: 3308.642 GC heap after
{Heap after GC invocations=65 (full 0):
 garbage-first heap   total 275456K, used 174261K [0x0000000080000000, 0x0000000100000000)
  region size 1024K, 12 young (12288K), 12 survivors (12288K)
 Metaspace       used 163465K, committed 165504K, reserved 1245184K
  class space    used 20999K, committed 22400K, reserved 1048576K
}
Event: 3310.481 GC heap before
{Heap before GC invocations=65 (full 0):
 garbage-first heap   total 275456K, used 246965K [0x0000000080000000, 0x0000000100000000)
  region size 1024K, 84 young (86016K), 12 survivors (12288K)
 Metaspace       used 163900K, committed 165952K, reserved 1245184K
  class space    used 21017K, committed 22400K, reserved 1048576K
}
Event: 3310.515 GC heap after
{Heap after GC invocations=66 (full 0):
 garbage-first heap   total 288768K, used 174637K [0x0000000080000000, 0x0000000100000000)
  region size 1024K, 11 young (11264K), 11 survivors (11264K)
 Metaspace       used 163900K, committed 165952K, reserved 1245184K
  class space    used 21017K, committed 22400K, reserved 1048576K
}
Event: 3311.949 GC heap before
{Heap before GC invocations=66 (full 0):
 garbage-first heap   total 288768K, used 273965K [0x0000000080000000, 0x0000000100000000)
  region size 1024K, 93 young (95232K), 11 survivors (11264K)
 Metaspace       used 164033K, committed 166080K, reserved 1245184K
  class space    used 21023K, committed 22400K, reserved 1048576K
}
Event: 3311.981 GC heap after
{Heap after GC invocations=67 (full 0):
 garbage-first heap   total 318464K, used 193536K [0x0000000080000000, 0x0000000100000000)
  region size 1024K, 12 young (12288K), 12 survivors (12288K)
 Metaspace       used 164033K, committed 166080K, reserved 1245184K
  class space    used 21023K, committed 22400K, reserved 1048576K
}
Event: 3312.562 GC heap before
{Heap before GC invocations=67 (full 0):
 garbage-first heap   total 318464K, used 234496K [0x0000000080000000, 0x0000000100000000)
  region size 1024K, 53 young (54272K), 12 survivors (12288K)
 Metaspace       used 164241K, committed 166208K, reserved 1245184K
  class space    used 21032K, committed 22400K, reserved 1048576K
}
Event: 3312.577 GC heap after
{Heap after GC invocations=68 (full 0):
 garbage-first heap   total 318464K, used 204583K [0x0000000080000000, 0x0000000100000000)
  region size 1024K, 10 young (10240K), 10 survivors (10240K)
 Metaspace       used 164241K, committed 166208K, reserved 1245184K
  class space    used 21032K, committed 22400K, reserved 1048576K
}

