# JRE version: OpenJDK Runtime Environment (21.0.4) (build 21.0.4+-12508038-b607.1)
# Java VM: OpenJDK 64-Bit Server VM (21.0.4+-12508038-b607.1, mixed mode, tiered, compressed oops, compressed class ptrs, g1 gc, windows-amd64)
GC Precious Log:
 CardTable entry size: 512
 Card Set container configuration: InlinePtr #cards 5 size 8 Array Of Cards #cards 12 size 40 Howl #buckets 4 coarsen threshold 1843 Howl Bitmap #cards 512 size 80 coarsen threshold 460 Card regions per heap region 1 cards per card region 2048
 CPUs: 8 total, 8 available
 Memory: 7834M
 Large Page Support: Disabled
 NUMA Support: Disabled
 Compressed Oops: Enabled (32-bit)
 Heap Region Size: 1M
 Heap Min Capacity: 8M
 Heap Initial Capacity: 124M
 Heap Max Capacity: 2G
 Pre-touch: Disabled
 Parallel Workers: 8
 Concurrent Workers: 2
 Concurrent Refinement Workers: 8
 Periodic GC: Disabled
Heap:
 garbage-first heap   total 343040K, used 295936K [0x0000000080000000, 0x0000000100000000)
  region size 1024K, 38 young (38912K), 9 survivors (9216K)
 Metaspace       used 125587K, committed 127872K, reserved 1179648K
  class space    used 17032K, committed 18176K, reserved 1048576K
GC Heap History (20 events):
Event: 13.623 GC heap before
{Heap before GC invocations=40 (full 0):
 garbage-first heap   total 189440K, used 153133K [0x0000000080000000, 0x0000000100000000)
  region size 1024K, 46 young (47104K), 5 survivors (5120K)
 Metaspace       used 116230K, committed 118400K, reserved 1179648K
  class space    used 15556K, committed 16640K, reserved 1048576K
}
Event: 13.627 GC heap after
{Heap after GC invocations=41 (full 0):
 garbage-first heap   total 189440K, used 113212K [0x0000000080000000, 0x0000000100000000)
  region size 1024K, 4 young (4096K), 4 survivors (4096K)
 Metaspace       used 116230K, committed 118400K, reserved 1179648K
  class space    used 15556K, committed 16640K, reserved 1048576K
}
Event: 13.933 GC heap before
{Heap before GC invocations=41 (full 0):
 garbage-first heap   total 189440K, used 172604K [0x0000000080000000, 0x0000000100000000)
  region size 1024K, 62 young (63488K), 4 survivors (4096K)
 Metaspace       used 116875K, committed 119040K, reserved 1179648K
  class space    used 15671K, committed 16768K, reserved 1048576K
}
Event: 13.939 GC heap after
{Heap after GC invocations=42 (full 0):
 garbage-first heap   total 227328K, used 115406K [0x0000000080000000, 0x0000000100000000)
  region size 1024K, 7 young (7168K), 7 survivors (7168K)
 Metaspace       used 116875K, committed 119040K, reserved 1179648K
  class space    used 15671K, committed 16768K, reserved 1048576K
}
Event: 14.251 GC heap before
{Heap before GC invocations=42 (full 0):
 garbage-first heap   total 227328K, used 201422K [0x0000000080000000, 0x0000000100000000)
  region size 1024K, 91 young (93184K), 7 survivors (7168K)
 Metaspace       used 116942K, committed 119104K, reserved 1179648K
  class space    used 15674K, committed 16768K, reserved 1048576K
}
Event: 14.258 GC heap after
{Heap after GC invocations=43 (full 0):
 garbage-first heap   total 227328K, used 118563K [0x0000000080000000, 0x0000000100000000)
  region size 1024K, 9 young (9216K), 9 survivors (9216K)
 Metaspace       used 116942K, committed 119104K, reserved 1179648K
  class space    used 15674K, committed 16768K, reserved 1048576K
}
Event: 14.594 GC heap before
{Heap before GC invocations=43 (full 0):
 garbage-first heap   total 227328K, used 205603K [0x0000000080000000, 0x0000000100000000)
  region size 1024K, 94 young (96256K), 9 survivors (9216K)
 Metaspace       used 117865K, committed 120064K, reserved 1179648K
  class space    used 15819K, committed 16960K, reserved 1048576K
}
Event: 14.602 GC heap after
{Heap after GC invocations=44 (full 0):
 garbage-first heap   total 227328K, used 122781K [0x0000000080000000, 0x0000000100000000)
  region size 1024K, 10 young (10240K), 10 survivors (10240K)
 Metaspace       used 117865K, committed 120064K, reserved 1179648K
  class space    used 15819K, committed 16960K, reserved 1048576K
}
Event: 14.849 GC heap before
{Heap before GC invocations=44 (full 0):
 garbage-first heap   total 227328K, used 202653K [0x0000000080000000, 0x0000000100000000)
  region size 1024K, 89 young (91136K), 10 survivors (10240K)
 Metaspace       used 118497K, committed 120768K, reserved 1179648K
  class space    used 15894K, committed 17088K, reserved 1048576K
}
Event: 14.866 GC heap after
{Heap after GC invocations=45 (full 0):
 garbage-first heap   total 227328K, used 125852K [0x0000000080000000, 0x0000000100000000)
  region size 1024K, 6 young (6144K), 6 survivors (6144K)
 Metaspace       used 118497K, committed 120768K, reserved 1179648K
  class space    used 15894K, committed 17088K, reserved 1048576K
}
Event: 15.755 GC heap before
{Heap before GC invocations=46 (full 0):
 garbage-first heap   total 230400K, used 229276K [0x0000000080000000, 0x0000000100000000)
  region size 1024K, 83 young (84992K), 6 survivors (6144K)
 Metaspace       used 122336K, committed 124608K, reserved 1179648K
  class space    used 16420K, committed 17600K, reserved 1048576K
}
Event: 15.762 GC heap after
{Heap after GC invocations=47 (full 0):
 garbage-first heap   total 250880K, used 161380K [0x0000000080000000, 0x0000000100000000)
  region size 1024K, 11 young (11264K), 11 survivors (11264K)
 Metaspace       used 122336K, committed 124608K, reserved 1179648K
  class space    used 16420K, committed 17600K, reserved 1048576K
}
Event: 15.941 GC heap before
{Heap before GC invocations=47 (full 0):
 garbage-first heap   total 250880K, used 249444K [0x0000000080000000, 0x0000000100000000)
  region size 1024K, 60 young (61440K), 11 survivors (11264K)
 Metaspace       used 122668K, committed 124928K, reserved 1179648K
  class space    used 16462K, committed 17600K, reserved 1048576K
}
Event: 15.957 GC heap after
{Heap after GC invocations=48 (full 0):
 garbage-first heap   total 285696K, used 196608K [0x0000000080000000, 0x0000000100000000)
  region size 1024K, 10 young (10240K), 10 survivors (10240K)
 Metaspace       used 122668K, committed 124928K, reserved 1179648K
  class space    used 16462K, committed 17600K, reserved 1048576K
}
Event: 16.018 GC heap before
{Heap before GC invocations=48 (full 0):
 garbage-first heap   total 285696K, used 208896K [0x0000000080000000, 0x0000000100000000)
  region size 1024K, 23 young (23552K), 10 survivors (10240K)
 Metaspace       used 122668K, committed 124928K, reserved 1179648K
  class space    used 16462K, committed 17600K, reserved 1048576K
}
Event: 16.027 GC heap after
{Heap after GC invocations=49 (full 0):
 garbage-first heap   total 343040K, used 201943K [0x0000000080000000, 0x0000000100000000)
  region size 1024K, 5 young (5120K), 5 survivors (5120K)
 Metaspace       used 122668K, committed 124928K, reserved 1179648K
  class space    used 16462K, committed 17600K, reserved 1048576K
}
Event: 16.633 GC heap before
{Heap before GC invocations=49 (full 0):
 garbage-first heap   total 343040K, used 291031K [0x0000000080000000, 0x0000000100000000)
  region size 1024K, 87 young (89088K), 5 survivors (5120K)
 Metaspace       used 125433K, committed 127744K, reserved 1179648K
  class space    used 17023K, committed 18176K, reserved 1048576K
}
Event: 16.663 GC heap after
{Heap after GC invocations=50 (full 0):
 garbage-first heap   total 343040K, used 238080K [0x0000000080000000, 0x0000000100000000)
  region size 1024K, 11 young (11264K), 11 survivors (11264K)
 Metaspace       used 125433K, committed 127744K, reserved 1179648K
  class space    used 17023K, committed 18176K, reserved 1048576K
}
Event: 16.840 GC heap before
{Heap before GC invocations=50 (full 0):
 garbage-first heap   total 343040K, used 295424K [0x0000000080000000, 0x0000000100000000)
  region size 1024K, 67 young (68608K), 11 survivors (11264K)
 Metaspace       used 125586K, committed 127872K, reserved 1179648K
  class space    used 17032K, committed 18176K, reserved 1048576K
}
Event: 16.883 GC heap after
{Heap after GC invocations=51 (full 0):
 garbage-first heap   total 343040K, used 267264K [0x0000000080000000, 0x0000000100000000)
  region size 1024K, 9 young (9216K), 9 survivors (9216K)
 Metaspace       used 125586K, committed 127872K, reserved 1179648K
  class space    used 17032K, committed 18176K, reserved 1048576K
}

