# JRE version: OpenJDK Runtime Environment (21.0.4) (build 21.0.4+-12508038-b607.1)
# Java VM: OpenJDK 64-Bit Server VM (21.0.4+-12508038-b607.1, mixed mode, tiered, compressed oops, compressed class ptrs, g1 gc, windows-amd64)
GC Precious Log:
 CardTable entry size: 512
 Card Set container configuration: InlinePtr #cards 5 size 8 Array Of Cards #cards 12 size 40 Howl #buckets 4 coarsen threshold 1843 Howl Bitmap #cards 512 size 80 coarsen threshold 460 Card regions per heap region 1 cards per card region 2048
 CPUs: 8 total, 8 available
 Memory: 7834M
 Large Page Support: Disabled
 NUMA Support: Disabled
 Compressed Oops: Enabled (32-bit)
 Heap Region Size: 1M
 Heap Min Capacity: 8M
 Heap Initial Capacity: 124M
 Heap Max Capacity: 2G
 Pre-touch: Disabled
 Parallel Workers: 8
 Concurrent Workers: 2
 Concurrent Refinement Workers: 8
 Periodic GC: Disabled
Heap:
 garbage-first heap   total 324608K, used 258772K [0x0000000080000000, 0x0000000100000000)
  region size 1024K, 66 young (67584K), 9 survivors (9216K)
 Metaspace       used 152342K, committed 154816K, reserved 1245184K
  class space    used 19760K, committed 20992K, reserved 1048576K
GC Heap History (20 events):
Event: 15.680 GC heap before
{Heap before GC invocations=42 (full 0):
 garbage-first heap   total 234496K, used 207558K [0x0000000080000000, 0x0000000100000000)
  region size 1024K, 60 young (61440K), 8 survivors (8192K)
 Metaspace       used 119913K, committed 122240K, reserved 1179648K
  class space    used 16074K, committed 17216K, reserved 1048576K
}
Event: 15.689 GC heap after
{Heap after GC invocations=43 (full 0):
 garbage-first heap   total 234496K, used 158046K [0x0000000080000000, 0x0000000100000000)
  region size 1024K, 8 young (8192K), 8 survivors (8192K)
 Metaspace       used 119913K, committed 122240K, reserved 1179648K
  class space    used 16074K, committed 17216K, reserved 1048576K
}
Event: 16.373 GC heap before
{Heap before GC invocations=43 (full 0):
 garbage-first heap   total 234496K, used 214366K [0x0000000080000000, 0x0000000100000000)
  region size 1024K, 62 young (63488K), 8 survivors (8192K)
 Metaspace       used 127143K, committed 129472K, reserved 1179648K
  class space    used 16982K, committed 18112K, reserved 1048576K
}
Event: 16.378 GC heap after
{Heap after GC invocations=44 (full 0):
 garbage-first heap   total 234496K, used 159446K [0x0000000080000000, 0x0000000100000000)
  region size 1024K, 3 young (3072K), 3 survivors (3072K)
 Metaspace       used 127143K, committed 129472K, reserved 1179648K
  class space    used 16982K, committed 18112K, reserved 1048576K
}
Event: 16.976 GC heap before
{Heap before GC invocations=44 (full 0):
 garbage-first heap   total 234496K, used 217814K [0x0000000080000000, 0x0000000100000000)
  region size 1024K, 60 young (61440K), 3 survivors (3072K)
 Metaspace       used 132229K, committed 134592K, reserved 1179648K
  class space    used 17591K, committed 18752K, reserved 1048576K
}
Event: 16.982 GC heap after
{Heap after GC invocations=45 (full 0):
 garbage-first heap   total 234496K, used 162894K [0x0000000080000000, 0x0000000100000000)
  region size 1024K, 6 young (6144K), 6 survivors (6144K)
 Metaspace       used 132229K, committed 134592K, reserved 1179648K
  class space    used 17591K, committed 18752K, reserved 1048576K
}
Event: 17.836 GC heap before
{Heap before GC invocations=46 (full 0):
 garbage-first heap   total 273408K, used 213070K [0x0000000080000000, 0x0000000100000000)
  region size 1024K, 55 young (56320K), 6 survivors (6144K)
 Metaspace       used 133166K, committed 135488K, reserved 1179648K
  class space    used 17674K, committed 18816K, reserved 1048576K
}
Event: 17.866 GC heap after
{Heap after GC invocations=47 (full 0):
 garbage-first heap   total 273408K, used 168835K [0x0000000080000000, 0x0000000100000000)
  region size 1024K, 7 young (7168K), 7 survivors (7168K)
 Metaspace       used 133166K, committed 135488K, reserved 1179648K
  class space    used 17674K, committed 18816K, reserved 1048576K
}
Event: 18.249 GC heap before
{Heap before GC invocations=47 (full 0):
 garbage-first heap   total 273408K, used 250755K [0x0000000080000000, 0x0000000100000000)
  region size 1024K, 88 young (90112K), 7 survivors (7168K)
 Metaspace       used 133221K, committed 135552K, reserved 1179648K
  class space    used 17679K, committed 18816K, reserved 1048576K
}
Event: 18.259 GC heap after
{Heap after GC invocations=48 (full 0):
 garbage-first heap   total 273408K, used 171249K [0x0000000080000000, 0x0000000100000000)
  region size 1024K, 8 young (8192K), 8 survivors (8192K)
 Metaspace       used 133221K, committed 135552K, reserved 1179648K
  class space    used 17679K, committed 18816K, reserved 1048576K
}
Event: 18.787 GC heap before
{Heap before GC invocations=48 (full 0):
 garbage-first heap   total 273408K, used 250097K [0x0000000080000000, 0x0000000100000000)
  region size 1024K, 85 young (87040K), 8 survivors (8192K)
 Metaspace       used 135659K, committed 137984K, reserved 1179648K
  class space    used 17943K, committed 19072K, reserved 1048576K
}
Event: 18.795 GC heap after
{Heap after GC invocations=49 (full 0):
 garbage-first heap   total 273408K, used 177562K [0x0000000080000000, 0x0000000100000000)
  region size 1024K, 11 young (11264K), 11 survivors (11264K)
 Metaspace       used 135659K, committed 137984K, reserved 1179648K
  class space    used 17943K, committed 19072K, reserved 1048576K
}
Event: 19.700 GC heap before
{Heap before GC invocations=50 (full 0):
 garbage-first heap   total 296960K, used 245146K [0x0000000080000000, 0x0000000100000000)
  region size 1024K, 78 young (79872K), 11 survivors (11264K)
 Metaspace       used 142081K, committed 144512K, reserved 1179648K
  class space    used 18628K, committed 19840K, reserved 1048576K
}
Event: 19.710 GC heap after
{Heap after GC invocations=51 (full 0):
 garbage-first heap   total 296960K, used 183820K [0x0000000080000000, 0x0000000100000000)
  region size 1024K, 6 young (6144K), 6 survivors (6144K)
 Metaspace       used 142081K, committed 144512K, reserved 1179648K
  class space    used 18628K, committed 19840K, reserved 1048576K
}
Event: 25.748 GC heap before
{Heap before GC invocations=51 (full 0):
 garbage-first heap   total 296960K, used 272908K [0x0000000080000000, 0x0000000100000000)
  region size 1024K, 94 young (96256K), 6 survivors (6144K)
 Metaspace       used 146639K, committed 149056K, reserved 1179648K
  class space    used 19046K, committed 20224K, reserved 1048576K
}
Event: 25.758 GC heap after
{Heap after GC invocations=52 (full 0):
 garbage-first heap   total 296960K, used 184906K [0x0000000080000000, 0x0000000100000000)
  region size 1024K, 8 young (8192K), 8 survivors (8192K)
 Metaspace       used 146639K, committed 149056K, reserved 1179648K
  class space    used 19046K, committed 20224K, reserved 1048576K
}
Event: 27.192 GC heap before
{Heap before GC invocations=52 (full 0):
 garbage-first heap   total 296960K, used 271946K [0x0000000080000000, 0x0000000100000000)
  region size 1024K, 94 young (96256K), 8 survivors (8192K)
 Metaspace       used 149221K, committed 151680K, reserved 1245184K
  class space    used 19368K, committed 20672K, reserved 1048576K
}
Event: 27.212 GC heap after
{Heap after GC invocations=53 (full 0):
 garbage-first heap   total 296960K, used 194560K [0x0000000080000000, 0x0000000100000000)
  region size 1024K, 12 young (12288K), 12 survivors (12288K)
 Metaspace       used 149221K, committed 151680K, reserved 1245184K
  class space    used 19368K, committed 20672K, reserved 1048576K
}
Event: 28.990 GC heap before
{Heap before GC invocations=54 (full 0):
 garbage-first heap   total 324608K, used 267264K [0x0000000080000000, 0x0000000100000000)
  region size 1024K, 83 young (84992K), 12 survivors (12288K)
 Metaspace       used 150477K, committed 152960K, reserved 1245184K
  class space    used 19601K, committed 20864K, reserved 1048576K
}
Event: 29.016 GC heap after
{Heap after GC invocations=55 (full 0):
 garbage-first heap   total 324608K, used 202452K [0x0000000080000000, 0x0000000100000000)
  region size 1024K, 9 young (9216K), 9 survivors (9216K)
 Metaspace       used 150477K, committed 152960K, reserved 1245184K
  class space    used 19601K, committed 20864K, reserved 1048576K
}

