# JRE version: OpenJDK Runtime Environment (21.0.4) (build 21.0.4+-12508038-b607.1)
# Java VM: OpenJDK 64-Bit Server VM (21.0.4+-12508038-b607.1, mixed mode, tiered, compressed oops, compressed class ptrs, g1 gc, windows-amd64)
GC Precious Log:
 CardTable entry size: 512
 Card Set container configuration: InlinePtr #cards 5 size 8 Array Of Cards #cards 12 size 40 Howl #buckets 4 coarsen threshold 1843 Howl Bitmap #cards 512 size 80 coarsen threshold 460 Card regions per heap region 1 cards per card region 2048
 CPUs: 8 total, 8 available
 Memory: 7834M
 Large Page Support: Disabled
 NUMA Support: Disabled
 Compressed Oops: Enabled (32-bit)
 Heap Region Size: 1M
 Heap Min Capacity: 8M
 Heap Initial Capacity: 124M
 Heap Max Capacity: 2G
 Pre-touch: Disabled
 Parallel Workers: 8
 Concurrent Workers: 2
 Concurrent Refinement Workers: 8
 Periodic GC: Disabled
Heap:
 garbage-first heap   total 326656K, used 294349K [0x0000000080000000, 0x0000000100000000)
  region size 1024K, 4 young (4096K), 4 survivors (4096K)
 Metaspace       used 125461K, committed 127808K, reserved 1179648K
  class space    used 16987K, committed 18176K, reserved 1048576K
GC Heap History (20 events):
Event: 16.658 GC heap after
{Heap after GC invocations=42 (full 0):
 garbage-first heap   total 195584K, used 116277K [0x0000000080000000, 0x0000000100000000)
  region size 1024K, 5 young (5120K), 5 survivors (5120K)
 Metaspace       used 116803K, committed 118976K, reserved 1179648K
  class space    used 15639K, committed 16768K, reserved 1048576K
}
Event: 17.028 GC heap before
{Heap before GC invocations=43 (full 0):
 garbage-first heap   total 198656K, used 177717K [0x0000000080000000, 0x0000000100000000)
  region size 1024K, 65 young (66560K), 5 survivors (5120K)
 Metaspace       used 116924K, committed 119168K, reserved 1179648K
  class space    used 15651K, committed 16768K, reserved 1048576K
}
Event: 17.034 GC heap after
{Heap after GC invocations=44 (full 0):
 garbage-first heap   total 198656K, used 118997K [0x0000000080000000, 0x0000000100000000)
  region size 1024K, 8 young (8192K), 8 survivors (8192K)
 Metaspace       used 116924K, committed 119168K, reserved 1179648K
  class space    used 15651K, committed 16768K, reserved 1048576K
}
Event: 17.301 GC heap before
{Heap before GC invocations=44 (full 0):
 garbage-first heap   total 198656K, used 176341K [0x0000000080000000, 0x0000000100000000)
  region size 1024K, 65 young (66560K), 8 survivors (8192K)
 Metaspace       used 117840K, committed 120000K, reserved 1179648K
  class space    used 15793K, committed 16896K, reserved 1048576K
}
Event: 17.309 GC heap after
{Heap after GC invocations=45 (full 0):
 garbage-first heap   total 198656K, used 120825K [0x0000000080000000, 0x0000000100000000)
  region size 1024K, 6 young (6144K), 6 survivors (6144K)
 Metaspace       used 117840K, committed 120000K, reserved 1179648K
  class space    used 15793K, committed 16896K, reserved 1048576K
}
Event: 17.508 GC heap before
{Heap before GC invocations=45 (full 0):
 garbage-first heap   total 198656K, used 179193K [0x0000000080000000, 0x0000000100000000)
  region size 1024K, 64 young (65536K), 6 survivors (6144K)
 Metaspace       used 118400K, committed 120640K, reserved 1179648K
  class space    used 15855K, committed 16960K, reserved 1048576K
}
Event: 17.515 GC heap after
{Heap after GC invocations=46 (full 0):
 garbage-first heap   total 198656K, used 123517K [0x0000000080000000, 0x0000000100000000)
  region size 1024K, 5 young (5120K), 5 survivors (5120K)
 Metaspace       used 118400K, committed 120640K, reserved 1179648K
  class space    used 15855K, committed 16960K, reserved 1048576K
}
Event: 17.868 GC heap before
{Heap before GC invocations=47 (full 0):
 garbage-first heap   total 206848K, used 180861K [0x0000000080000000, 0x0000000100000000)
  region size 1024K, 62 young (63488K), 5 survivors (5120K)
 Metaspace       used 118743K, committed 120960K, reserved 1179648K
  class space    used 15898K, committed 17024K, reserved 1048576K
}
Event: 17.873 GC heap after
{Heap after GC invocations=48 (full 0):
 garbage-first heap   total 206848K, used 125602K [0x0000000080000000, 0x0000000100000000)
  region size 1024K, 5 young (5120K), 5 survivors (5120K)
 Metaspace       used 118743K, committed 120960K, reserved 1179648K
  class space    used 15898K, committed 17024K, reserved 1048576K
}
Event: 18.504 GC heap before
{Heap before GC invocations=48 (full 0):
 garbage-first heap   total 206848K, used 204450K [0x0000000080000000, 0x0000000100000000)
  region size 1024K, 53 young (54272K), 5 survivors (5120K)
 Metaspace       used 122284K, committed 124544K, reserved 1179648K
  class space    used 16394K, committed 17536K, reserved 1048576K
}
Event: 18.514 GC heap after
{Heap after GC invocations=49 (full 0):
 garbage-first heap   total 285696K, used 161853K [0x0000000080000000, 0x0000000100000000)
  region size 1024K, 9 young (9216K), 9 survivors (9216K)
 Metaspace       used 122284K, committed 124544K, reserved 1179648K
  class space    used 16394K, committed 17536K, reserved 1048576K
}
Event: 18.900 GC heap before
{Heap before GC invocations=49 (full 0):
 garbage-first heap   total 285696K, used 283709K [0x0000000080000000, 0x0000000100000000)
  region size 1024K, 94 young (96256K), 9 survivors (9216K)
 Metaspace       used 122616K, committed 124800K, reserved 1179648K
  class space    used 16437K, committed 17536K, reserved 1048576K
}
Event: 19.181 GC heap after
{Heap after GC invocations=50 (full 0):
 garbage-first heap   total 326656K, used 209597K [0x0000000080000000, 0x0000000100000000)
  region size 1024K, 13 young (13312K), 13 survivors (13312K)
 Metaspace       used 122616K, committed 124800K, reserved 1179648K
  class space    used 16437K, committed 17536K, reserved 1048576K
}
Event: 19.821 GC heap before
{Heap before GC invocations=50 (full 0):
 garbage-first heap   total 326656K, used 282301K [0x0000000080000000, 0x0000000100000000)
  region size 1024K, 81 young (82944K), 13 survivors (13312K)
 Metaspace       used 125378K, committed 127744K, reserved 1179648K
  class space    used 16984K, committed 18176K, reserved 1048576K
}
Event: 19.857 GC heap after
{Heap after GC invocations=51 (full 0):
 garbage-first heap   total 326656K, used 242176K [0x0000000080000000, 0x0000000100000000)
  region size 1024K, 11 young (11264K), 11 survivors (11264K)
 Metaspace       used 125378K, committed 127744K, reserved 1179648K
  class space    used 16984K, committed 18176K, reserved 1048576K
}
Event: 20.056 GC heap before
{Heap before GC invocations=51 (full 0):
 garbage-first heap   total 326656K, used 288256K [0x0000000080000000, 0x0000000100000000)
  region size 1024K, 56 young (57344K), 11 survivors (11264K)
 Metaspace       used 125456K, committed 127808K, reserved 1179648K
  class space    used 16987K, committed 18176K, reserved 1048576K
}
Event: 20.095 GC heap after
{Heap after GC invocations=52 (full 0):
 garbage-first heap   total 326656K, used 266240K [0x0000000080000000, 0x0000000100000000)
  region size 1024K, 7 young (7168K), 7 survivors (7168K)
 Metaspace       used 125456K, committed 127808K, reserved 1179648K
  class space    used 16987K, committed 18176K, reserved 1048576K
}
Event: 20.207 GC heap before
{Heap before GC invocations=52 (full 0):
 garbage-first heap   total 326656K, used 295936K [0x0000000080000000, 0x0000000100000000)
  region size 1024K, 36 young (36864K), 7 survivors (7168K)
 Metaspace       used 125456K, committed 127808K, reserved 1179648K
  class space    used 16987K, committed 18176K, reserved 1048576K
}
Event: 20.225 GC heap after
{Heap after GC invocations=53 (full 0):
 garbage-first heap   total 326656K, used 282624K [0x0000000080000000, 0x0000000100000000)
  region size 1024K, 5 young (5120K), 5 survivors (5120K)
 Metaspace       used 125456K, committed 127808K, reserved 1179648K
  class space    used 16987K, committed 18176K, reserved 1048576K
}
Event: 20.287 GC heap before
{Heap before GC invocations=53 (full 0):
 garbage-first heap   total 326656K, used 303104K [0x0000000080000000, 0x0000000100000000)
  region size 1024K, 25 young (25600K), 5 survivors (5120K)
 Metaspace       used 125461K, committed 127808K, reserved 1179648K
  class space    used 16987K, committed 18176K, reserved 1048576K
}

