# JRE version: OpenJDK Runtime Environment (21.0.4) (build 21.0.4+-12508038-b607.1)
# Java VM: OpenJDK 64-Bit Server VM (21.0.4+-12508038-b607.1, mixed mode, tiered, compressed oops, compressed class ptrs, g1 gc, windows-amd64)
GC Precious Log:
 CardTable entry size: 512
 Card Set container configuration: InlinePtr #cards 5 size 8 Array Of Cards #cards 12 size 40 Howl #buckets 4 coarsen threshold 1843 Howl Bitmap #cards 512 size 80 coarsen threshold 460 Card regions per heap region 1 cards per card region 2048
 CPUs: 8 total, 8 available
 Memory: 7834M
 Large Page Support: Disabled
 NUMA Support: Disabled
 Compressed Oops: Enabled (32-bit)
 Heap Region Size: 1M
 Heap Min Capacity: 8M
 Heap Initial Capacity: 124M
 Heap Max Capacity: 2G
 Pre-touch: Disabled
 Parallel Workers: 8
 Concurrent Workers: 2
 Concurrent Refinement Workers: 8
 Periodic GC: Disabled
Heap:
 garbage-first heap   total 282624K, used 235658K [0x0000000080000000, 0x0000000100000000)
  region size 1024K, 25 young (25600K), 7 survivors (7168K)
 Metaspace       used 122838K, committed 125120K, reserved 1179648K
  class space    used 16477K, committed 17600K, reserved 1048576K
GC Heap History (20 events):
Event: 16.784 GC heap before
{Heap before GC invocations=47 (full 0):
 garbage-first heap   total 189440K, used 162241K [0x0000000080000000, 0x0000000100000000)
  region size 1024K, 55 young (56320K), 6 survivors (6144K)
 Metaspace       used 116815K, committed 119040K, reserved 1179648K
  class space    used 15651K, committed 16768K, reserved 1048576K
}
Event: 16.790 GC heap after
{Heap after GC invocations=48 (full 0):
 garbage-first heap   total 189440K, used 114378K [0x0000000080000000, 0x0000000100000000)
  region size 1024K, 5 young (5120K), 5 survivors (5120K)
 Metaspace       used 116815K, committed 119040K, reserved 1179648K
  class space    used 15651K, committed 16768K, reserved 1048576K
}
Event: 17.285 GC heap before
{Heap before GC invocations=48 (full 0):
 garbage-first heap   total 189440K, used 173770K [0x0000000080000000, 0x0000000100000000)
  region size 1024K, 63 young (64512K), 5 survivors (5120K)
 Metaspace       used 116894K, committed 119104K, reserved 1179648K
  class space    used 15654K, committed 16768K, reserved 1048576K
}
Event: 17.291 GC heap after
{Heap after GC invocations=49 (full 0):
 garbage-first heap   total 189440K, used 115432K [0x0000000080000000, 0x0000000100000000)
  region size 1024K, 5 young (5120K), 5 survivors (5120K)
 Metaspace       used 116894K, committed 119104K, reserved 1179648K
  class space    used 15654K, committed 16768K, reserved 1048576K
}
Event: 17.515 GC heap before
{Heap before GC invocations=49 (full 0):
 garbage-first heap   total 189440K, used 173800K [0x0000000080000000, 0x0000000100000000)
  region size 1024K, 62 young (63488K), 5 survivors (5120K)
 Metaspace       used 116985K, committed 119168K, reserved 1179648K
  class space    used 15664K, committed 16768K, reserved 1048576K
}
Event: 17.519 GC heap after
{Heap after GC invocations=50 (full 0):
 garbage-first heap   total 189440K, used 117501K [0x0000000080000000, 0x0000000100000000)
  region size 1024K, 5 young (5120K), 5 survivors (5120K)
 Metaspace       used 116985K, committed 119168K, reserved 1179648K
  class space    used 15664K, committed 16768K, reserved 1048576K
}
Event: 17.895 GC heap before
{Heap before GC invocations=51 (full 0):
 garbage-first heap   total 198656K, used 170749K [0x0000000080000000, 0x0000000100000000)
  region size 1024K, 58 young (59392K), 5 survivors (5120K)
 Metaspace       used 117942K, committed 120192K, reserved 1179648K
  class space    used 15810K, committed 16960K, reserved 1048576K
}
Event: 17.900 GC heap after
{Heap after GC invocations=52 (full 0):
 garbage-first heap   total 198656K, used 120848K [0x0000000080000000, 0x0000000100000000)
  region size 1024K, 8 young (8192K), 8 survivors (8192K)
 Metaspace       used 117942K, committed 120192K, reserved 1179648K
  class space    used 15810K, committed 16960K, reserved 1048576K
}
Event: 18.090 GC heap before
{Heap before GC invocations=52 (full 0):
 garbage-first heap   total 198656K, used 177168K [0x0000000080000000, 0x0000000100000000)
  region size 1024K, 64 young (65536K), 8 survivors (8192K)
 Metaspace       used 118482K, committed 120640K, reserved 1179648K
  class space    used 15875K, committed 16960K, reserved 1048576K
}
Event: 18.098 GC heap after
{Heap after GC invocations=53 (full 0):
 garbage-first heap   total 198656K, used 122074K [0x0000000080000000, 0x0000000100000000)
  region size 1024K, 5 young (5120K), 5 survivors (5120K)
 Metaspace       used 118482K, committed 120640K, reserved 1179648K
  class space    used 15875K, committed 16960K, reserved 1048576K
}
Event: 18.385 GC heap before
{Heap before GC invocations=53 (full 0):
 garbage-first heap   total 198656K, used 173274K [0x0000000080000000, 0x0000000100000000)
  region size 1024K, 57 young (58368K), 5 survivors (5120K)
 Metaspace       used 118905K, committed 121152K, reserved 1179648K
  class space    used 15917K, committed 17024K, reserved 1048576K
}
Event: 18.391 GC heap after
{Heap after GC invocations=54 (full 0):
 garbage-first heap   total 241664K, used 124872K [0x0000000080000000, 0x0000000100000000)
  region size 1024K, 5 young (5120K), 5 survivors (5120K)
 Metaspace       used 118905K, committed 121152K, reserved 1179648K
  class space    used 15917K, committed 17024K, reserved 1048576K
}
Event: 18.397 GC heap before
{Heap before GC invocations=54 (full 0):
 garbage-first heap   total 241664K, used 126920K [0x0000000080000000, 0x0000000100000000)
  region size 1024K, 6 young (6144K), 5 survivors (5120K)
 Metaspace       used 118930K, committed 121152K, reserved 1179648K
  class space    used 15921K, committed 17024K, reserved 1048576K
}
Event: 18.400 GC heap after
{Heap after GC invocations=55 (full 0):
 garbage-first heap   total 241664K, used 126871K [0x0000000080000000, 0x0000000100000000)
  region size 1024K, 5 young (5120K), 5 survivors (5120K)
 Metaspace       used 118930K, committed 121152K, reserved 1179648K
  class space    used 15921K, committed 17024K, reserved 1048576K
}
Event: 19.225 GC heap before
{Heap before GC invocations=56 (full 0):
 garbage-first heap   total 247808K, used 246679K [0x0000000080000000, 0x0000000100000000)
  region size 1024K, 62 young (63488K), 5 survivors (5120K)
 Metaspace       used 122347K, committed 124608K, reserved 1179648K
  class space    used 16405K, committed 17536K, reserved 1048576K
}
Event: 19.234 GC heap after
{Heap after GC invocations=57 (full 0):
 garbage-first heap   total 275456K, used 184001K [0x0000000080000000, 0x0000000100000000)
  region size 1024K, 13 young (13312K), 13 survivors (13312K)
 Metaspace       used 122347K, committed 124608K, reserved 1179648K
  class space    used 16405K, committed 17536K, reserved 1048576K
}
Event: 19.591 GC heap before
{Heap before GC invocations=57 (full 0):
 garbage-first heap   total 275456K, used 245441K [0x0000000080000000, 0x0000000100000000)
  region size 1024K, 72 young (73728K), 13 survivors (13312K)
 Metaspace       used 122671K, committed 124864K, reserved 1179648K
  class space    used 16447K, committed 17536K, reserved 1048576K
}
Event: 19.614 GC heap after
{Heap after GC invocations=58 (full 0):
 garbage-first heap   total 282624K, used 205824K [0x0000000080000000, 0x0000000100000000)
  region size 1024K, 9 young (9216K), 9 survivors (9216K)
 Metaspace       used 122671K, committed 124864K, reserved 1179648K
  class space    used 16447K, committed 17536K, reserved 1048576K
}
Event: 19.700 GC heap before
{Heap before GC invocations=58 (full 0):
 garbage-first heap   total 282624K, used 223232K [0x0000000080000000, 0x0000000100000000)
  region size 1024K, 27 young (27648K), 9 survivors (9216K)
 Metaspace       used 122671K, committed 124864K, reserved 1179648K
  class space    used 16447K, committed 17536K, reserved 1048576K
}
Event: 19.715 GC heap after
{Heap after GC invocations=59 (full 0):
 garbage-first heap   total 282624K, used 214154K [0x0000000080000000, 0x0000000100000000)
  region size 1024K, 7 young (7168K), 7 survivors (7168K)
 Metaspace       used 122671K, committed 124864K, reserved 1179648K
  class space    used 16447K, committed 17536K, reserved 1048576K
}

