# JRE version: OpenJDK Runtime Environment (21.0.4) (build 21.0.4+-12508038-b607.1)
# Java VM: OpenJDK 64-Bit Server VM (21.0.4+-12508038-b607.1, mixed mode, tiered, compressed oops, compressed class ptrs, g1 gc, windows-amd64)
GC Precious Log:
 CardTable entry size: 512
 Card Set container configuration: InlinePtr #cards 5 size 8 Array Of Cards #cards 12 size 40 Howl #buckets 4 coarsen threshold 1843 Howl Bitmap #cards 512 size 80 coarsen threshold 460 Card regions per heap region 1 cards per card region 2048
 CPUs: 8 total, 8 available
 Memory: 7834M
 Large Page Support: Disabled
 NUMA Support: Disabled
 Compressed Oops: Enabled (32-bit)
 Heap Region Size: 1M
 Heap Min Capacity: 8M
 Heap Initial Capacity: 124M
 Heap Max Capacity: 2G
 Pre-touch: Disabled
 Parallel Workers: 8
 Concurrent Workers: 2
 Concurrent Refinement Workers: 8
 Periodic GC: Disabled
Heap:
 garbage-first heap   total 217088K, used 139805K [0x0000000080000000, 0x0000000100000000)
  region size 1024K, 20 young (20480K), 8 survivors (8192K)
 Metaspace       used 104882K, committed 107008K, reserved 1179648K
  class space    used 13973K, committed 15040K, reserved 1048576K
GC Heap History (20 events):
Event: 9.281 GC heap before
{Heap before GC invocations=25 (full 0):
 garbage-first heap   total 158720K, used 140897K [0x0000000080000000, 0x0000000100000000)
  region size 1024K, 55 young (56320K), 4 survivors (4096K)
 Metaspace       used 69130K, committed 70976K, reserved 1114112K
  class space    used 9295K, committed 10176K, reserved 1048576K
}
Event: 9.284 GC heap after
{Heap after GC invocations=26 (full 0):
 garbage-first heap   total 158720K, used 90643K [0x0000000080000000, 0x0000000100000000)
  region size 1024K, 5 young (5120K), 5 survivors (5120K)
 Metaspace       used 69130K, committed 70976K, reserved 1114112K
  class space    used 9295K, committed 10176K, reserved 1048576K
}
Event: 9.738 GC heap before
{Heap before GC invocations=27 (full 0):
 garbage-first heap   total 158720K, used 142867K [0x0000000080000000, 0x0000000100000000)
  region size 1024K, 57 young (58368K), 5 survivors (5120K)
 Metaspace       used 72283K, committed 74048K, reserved 1114112K
  class space    used 9821K, committed 10688K, reserved 1048576K
}
Event: 9.744 GC heap after
{Heap after GC invocations=28 (full 0):
 garbage-first heap   total 158720K, used 93059K [0x0000000080000000, 0x0000000100000000)
  region size 1024K, 7 young (7168K), 7 survivors (7168K)
 Metaspace       used 72283K, committed 74048K, reserved 1114112K
  class space    used 9821K, committed 10688K, reserved 1048576K
}
Event: 10.425 GC heap before
{Heap before GC invocations=28 (full 0):
 garbage-first heap   total 158720K, used 150403K [0x0000000080000000, 0x0000000100000000)
  region size 1024K, 54 young (55296K), 7 survivors (7168K)
 Metaspace       used 76068K, committed 77952K, reserved 1179648K
  class space    used 10281K, committed 11200K, reserved 1048576K
}
Event: 10.431 GC heap after
{Heap after GC invocations=29 (full 0):
 garbage-first heap   total 167936K, used 108093K [0x0000000080000000, 0x0000000100000000)
  region size 1024K, 7 young (7168K), 7 survivors (7168K)
 Metaspace       used 76068K, committed 77952K, reserved 1179648K
  class space    used 10281K, committed 11200K, reserved 1048576K
}
Event: 10.473 GC heap before
{Heap before GC invocations=29 (full 0):
 garbage-first heap   total 167936K, used 110141K [0x0000000080000000, 0x0000000100000000)
  region size 1024K, 11 young (11264K), 7 survivors (7168K)
 Metaspace       used 76279K, committed 78144K, reserved 1179648K
  class space    used 10298K, committed 11200K, reserved 1048576K
}
Event: 10.476 GC heap after
{Heap after GC invocations=30 (full 0):
 garbage-first heap   total 167936K, used 109812K [0x0000000080000000, 0x0000000100000000)
  region size 1024K, 2 young (2048K), 2 survivors (2048K)
 Metaspace       used 76279K, committed 78144K, reserved 1179648K
  class space    used 10298K, committed 11200K, reserved 1048576K
}
Event: 11.050 GC heap before
{Heap before GC invocations=31 (full 0):
 garbage-first heap   total 188416K, used 152820K [0x0000000080000000, 0x0000000100000000)
  region size 1024K, 43 young (44032K), 2 survivors (2048K)
 Metaspace       used 80769K, committed 82688K, reserved 1179648K
  class space    used 10805K, committed 11776K, reserved 1048576K
}
Event: 11.052 GC heap after
{Heap after GC invocations=32 (full 0):
 garbage-first heap   total 188416K, used 111707K [0x0000000080000000, 0x0000000100000000)
  region size 1024K, 2 young (2048K), 2 survivors (2048K)
 Metaspace       used 80769K, committed 82688K, reserved 1179648K
  class space    used 10805K, committed 11776K, reserved 1048576K
}
Event: 11.804 GC heap before
{Heap before GC invocations=32 (full 0):
 garbage-first heap   total 188416K, used 176219K [0x0000000080000000, 0x0000000100000000)
  region size 1024K, 60 young (61440K), 2 survivors (2048K)
 Metaspace       used 86746K, committed 88704K, reserved 1179648K
  class space    used 11556K, committed 12544K, reserved 1048576K
}
Event: 11.809 GC heap after
{Heap after GC invocations=33 (full 0):
 garbage-first heap   total 188416K, used 116858K [0x0000000080000000, 0x0000000100000000)
  region size 1024K, 8 young (8192K), 8 survivors (8192K)
 Metaspace       used 86746K, committed 88704K, reserved 1179648K
  class space    used 11556K, committed 12544K, reserved 1048576K
}
Event: 12.398 GC heap before
{Heap before GC invocations=33 (full 0):
 garbage-first heap   total 188416K, used 168058K [0x0000000080000000, 0x0000000100000000)
  region size 1024K, 58 young (59392K), 8 survivors (8192K)
 Metaspace       used 90840K, committed 92800K, reserved 1179648K
  class space    used 12086K, committed 13056K, reserved 1048576K
}
Event: 12.404 GC heap after
{Heap after GC invocations=34 (full 0):
 garbage-first heap   total 188416K, used 120123K [0x0000000080000000, 0x0000000100000000)
  region size 1024K, 3 young (3072K), 3 survivors (3072K)
 Metaspace       used 90840K, committed 92800K, reserved 1179648K
  class space    used 12086K, committed 13056K, reserved 1048576K
}
Event: 13.192 GC heap before
{Heap before GC invocations=35 (full 0):
 garbage-first heap   total 201728K, used 173371K [0x0000000080000000, 0x0000000100000000)
  region size 1024K, 55 young (56320K), 3 survivors (3072K)
 Metaspace       used 97531K, committed 99584K, reserved 1179648K
  class space    used 12975K, committed 14016K, reserved 1048576K
}
Event: 13.195 GC heap after
{Heap after GC invocations=36 (full 0):
 garbage-first heap   total 201728K, used 122170K [0x0000000080000000, 0x0000000100000000)
  region size 1024K, 5 young (5120K), 5 survivors (5120K)
 Metaspace       used 97531K, committed 99584K, reserved 1179648K
  class space    used 12975K, committed 14016K, reserved 1048576K
}
Event: 13.987 GC heap before
{Heap before GC invocations=36 (full 0):
 garbage-first heap   total 201728K, used 184634K [0x0000000080000000, 0x0000000100000000)
  region size 1024K, 66 young (67584K), 5 survivors (5120K)
 Metaspace       used 101720K, committed 103872K, reserved 1179648K
  class space    used 13553K, committed 14592K, reserved 1048576K
}
Event: 13.994 GC heap after
{Heap after GC invocations=37 (full 0):
 garbage-first heap   total 201728K, used 125097K [0x0000000080000000, 0x0000000100000000)
  region size 1024K, 9 young (9216K), 9 survivors (9216K)
 Metaspace       used 101720K, committed 103872K, reserved 1179648K
  class space    used 13553K, committed 14592K, reserved 1048576K
}
Event: 14.450 GC heap before
{Heap before GC invocations=37 (full 0):
 garbage-first heap   total 201728K, used 180393K [0x0000000080000000, 0x0000000100000000)
  region size 1024K, 63 young (64512K), 9 survivors (9216K)
 Metaspace       used 103986K, committed 106112K, reserved 1179648K
  class space    used 13831K, committed 14912K, reserved 1048576K
}
Event: 14.458 GC heap after
{Heap after GC invocations=38 (full 0):
 garbage-first heap   total 201728K, used 128541K [0x0000000080000000, 0x0000000100000000)
  region size 1024K, 8 young (8192K), 8 survivors (8192K)
 Metaspace       used 103986K, committed 106112K, reserved 1179648K
  class space    used 13831K, committed 14912K, reserved 1048576K
}

