# JRE version: OpenJDK Runtime Environment (21.0.4) (build 21.0.4+-12508038-b607.1)
# Java VM: OpenJDK 64-Bit Server VM (21.0.4+-12508038-b607.1, mixed mode, tiered, compressed oops, compressed class ptrs, g1 gc, windows-amd64)
GC Precious Log:
 CardTable entry size: 512
 Card Set container configuration: InlinePtr #cards 5 size 8 Array Of Cards #cards 12 size 40 Howl #buckets 4 coarsen threshold 1843 Howl Bitmap #cards 512 size 80 coarsen threshold 460 Card regions per heap region 1 cards per card region 2048
 CPUs: 8 total, 8 available
 Memory: 7834M
 Large Page Support: Disabled
 NUMA Support: Disabled
 Compressed Oops: Enabled (32-bit)
 Heap Region Size: 1M
 Heap Min Capacity: 8M
 Heap Initial Capacity: 124M
 Heap Max Capacity: 2G
 Pre-touch: Disabled
 Parallel Workers: 8
 Concurrent Workers: 2
 Concurrent Refinement Workers: 8
 Periodic GC: Disabled
Heap:
 garbage-first heap   total 399360K, used 347136K [0x0000000080000000, 0x0000000100000000)
  region size 1024K, 20 young (20480K), 7 survivors (7168K)
 Metaspace       used 139710K, committed 142144K, reserved 1179648K
  class space    used 18424K, committed 19648K, reserved 1048576K
GC Heap History (20 events):
Event: 21.028 GC heap before
{Heap before GC invocations=50 (full 0):
 garbage-first heap   total 265216K, used 235595K [0x0000000080000000, 0x0000000100000000)
  region size 1024K, 76 young (77824K), 10 survivors (10240K)
 Metaspace       used 126203K, committed 128384K, reserved 1179648K
  class space    used 16564K, committed 17664K, reserved 1048576K
}
Event: 21.037 GC heap after
{Heap after GC invocations=51 (full 0):
 garbage-first heap   total 318464K, used 172621K [0x0000000080000000, 0x0000000100000000)
  region size 1024K, 4 young (4096K), 4 survivors (4096K)
 Metaspace       used 126203K, committed 128384K, reserved 1179648K
  class space    used 16564K, committed 17664K, reserved 1048576K
}
Event: 22.088 GC heap before
{Heap before GC invocations=52 (full 0):
 garbage-first heap   total 318464K, used 278093K [0x0000000080000000, 0x0000000100000000)
  region size 1024K, 102 young (104448K), 4 survivors (4096K)
 Metaspace       used 127631K, committed 129856K, reserved 1179648K
  class space    used 16699K, committed 17792K, reserved 1048576K
}
Event: 22.094 GC heap after
{Heap after GC invocations=53 (full 0):
 garbage-first heap   total 318464K, used 174205K [0x0000000080000000, 0x0000000100000000)
  region size 1024K, 5 young (5120K), 5 survivors (5120K)
 Metaspace       used 127631K, committed 129856K, reserved 1179648K
  class space    used 16699K, committed 17792K, reserved 1048576K
}
Event: 23.086 GC heap before
{Heap before GC invocations=53 (full 0):
 garbage-first heap   total 318464K, used 294013K [0x0000000080000000, 0x0000000100000000)
  region size 1024K, 118 young (120832K), 5 survivors (5120K)
 Metaspace       used 129525K, committed 131776K, reserved 1179648K
  class space    used 16907K, committed 18048K, reserved 1048576K
}
Event: 23.098 GC heap after
{Heap after GC invocations=54 (full 0):
 garbage-first heap   total 318464K, used 173049K [0x0000000080000000, 0x0000000100000000)
  region size 1024K, 15 young (15360K), 15 survivors (15360K)
 Metaspace       used 129525K, committed 131776K, reserved 1179648K
  class space    used 16907K, committed 18048K, reserved 1048576K
}
Event: 24.207 GC heap before
{Heap before GC invocations=54 (full 0):
 garbage-first heap   total 318464K, used 283641K [0x0000000080000000, 0x0000000100000000)
  region size 1024K, 124 young (126976K), 15 survivors (15360K)
 Metaspace       used 131455K, committed 133760K, reserved 1179648K
  class space    used 17133K, committed 18304K, reserved 1048576K
}
Event: 24.220 GC heap after
{Heap after GC invocations=55 (full 0):
 garbage-first heap   total 318464K, used 179437K [0x0000000080000000, 0x0000000100000000)
  region size 1024K, 9 young (9216K), 9 survivors (9216K)
 Metaspace       used 131455K, committed 133760K, reserved 1179648K
  class space    used 17133K, committed 18304K, reserved 1048576K
}
Event: 24.922 GC heap before
{Heap before GC invocations=55 (full 0):
 garbage-first heap   total 318464K, used 290029K [0x0000000080000000, 0x0000000100000000)
  region size 1024K, 118 young (120832K), 9 survivors (9216K)
 Metaspace       used 131991K, committed 134400K, reserved 1179648K
  class space    used 17204K, committed 18432K, reserved 1048576K
}
Event: 24.930 GC heap after
{Heap after GC invocations=56 (full 0):
 garbage-first heap   total 318464K, used 181184K [0x0000000080000000, 0x0000000100000000)
  region size 1024K, 10 young (10240K), 10 survivors (10240K)
 Metaspace       used 131991K, committed 134400K, reserved 1179648K
  class space    used 17204K, committed 18432K, reserved 1048576K
}
Event: 25.870 GC heap before
{Heap before GC invocations=57 (full 0):
 garbage-first heap   total 318464K, used 316352K [0x0000000080000000, 0x0000000100000000)
  region size 1024K, 117 young (119808K), 10 survivors (10240K)
 Metaspace       used 136252K, committed 138624K, reserved 1179648K
  class space    used 17786K, committed 19008K, reserved 1048576K
}
Event: 25.885 GC heap after
{Heap after GC invocations=58 (full 0):
 garbage-first heap   total 347136K, used 214827K [0x0000000080000000, 0x0000000100000000)
  region size 1024K, 15 young (15360K), 15 survivors (15360K)
 Metaspace       used 136252K, committed 138624K, reserved 1179648K
  class space    used 17786K, committed 19008K, reserved 1048576K
}
Event: 26.475 GC heap before
{Heap before GC invocations=58 (full 0):
 garbage-first heap   total 347136K, used 341803K [0x0000000080000000, 0x0000000100000000)
  region size 1024K, 110 young (112640K), 15 survivors (15360K)
 Metaspace       used 136585K, committed 138880K, reserved 1179648K
  class space    used 17828K, committed 19008K, reserved 1048576K
}
Event: 26.519 GC heap after
{Heap after GC invocations=59 (full 0):
 garbage-first heap   total 396288K, used 238187K [0x0000000080000000, 0x0000000100000000)
  region size 1024K, 14 young (14336K), 14 survivors (14336K)
 Metaspace       used 136585K, committed 138880K, reserved 1179648K
  class space    used 17828K, committed 19008K, reserved 1048576K
}
Event: 27.139 GC heap before
{Heap before GC invocations=59 (full 0):
 garbage-first heap   total 396288K, used 338539K [0x0000000080000000, 0x0000000100000000)
  region size 1024K, 113 young (115712K), 14 survivors (14336K)
 Metaspace       used 139434K, committed 141760K, reserved 1179648K
  class space    used 18394K, committed 19584K, reserved 1048576K
}
Event: 27.187 GC heap after
{Heap after GC invocations=60 (full 0):
 garbage-first heap   total 399360K, used 283648K [0x0000000080000000, 0x0000000100000000)
  region size 1024K, 15 young (15360K), 15 survivors (15360K)
 Metaspace       used 139434K, committed 141760K, reserved 1179648K
  class space    used 18394K, committed 19584K, reserved 1048576K
}
Event: 27.494 GC heap before
{Heap before GC invocations=60 (full 0):
 garbage-first heap   total 399360K, used 345088K [0x0000000080000000, 0x0000000100000000)
  region size 1024K, 75 young (76800K), 15 survivors (15360K)
 Metaspace       used 139446K, committed 141760K, reserved 1179648K
  class space    used 18394K, committed 19584K, reserved 1048576K
}
Event: 27.546 GC heap after
{Heap after GC invocations=61 (full 0):
 garbage-first heap   total 399360K, used 315904K [0x0000000080000000, 0x0000000100000000)
  region size 1024K, 10 young (10240K), 10 survivors (10240K)
 Metaspace       used 139446K, committed 141760K, reserved 1179648K
  class space    used 18394K, committed 19584K, reserved 1048576K
}
Event: 27.771 GC heap before
{Heap before GC invocations=61 (full 0):
 garbage-first heap   total 399360K, used 356864K [0x0000000080000000, 0x0000000100000000)
  region size 1024K, 50 young (51200K), 10 survivors (10240K)
 Metaspace       used 139453K, committed 141760K, reserved 1179648K
  class space    used 18394K, committed 19584K, reserved 1048576K
}
Event: 27.792 GC heap after
{Heap after GC invocations=62 (full 0):
 garbage-first heap   total 399360K, used 337920K [0x0000000080000000, 0x0000000100000000)
  region size 1024K, 7 young (7168K), 7 survivors (7168K)
 Metaspace       used 139453K, committed 141760K, reserved 1179648K
  class space    used 18394K, committed 19584K, reserved 1048576K
}

