# JRE version: OpenJDK Runtime Environment (21.0.4) (build 21.0.4+-12508038-b607.1)
# Java VM: OpenJDK 64-Bit Server VM (21.0.4+-12508038-b607.1, mixed mode, tiered, compressed oops, compressed class ptrs, g1 gc, windows-amd64)
GC Precious Log:
 CardTable entry size: 512
 Card Set container configuration: InlinePtr #cards 5 size 8 Array Of Cards #cards 12 size 40 Howl #buckets 4 coarsen threshold 1843 Howl Bitmap #cards 512 size 80 coarsen threshold 460 Card regions per heap region 1 cards per card region 2048
 CPUs: 8 total, 8 available
 Memory: 7834M
 Large Page Support: Disabled
 NUMA Support: Disabled
 Compressed Oops: Enabled (32-bit)
 Heap Region Size: 1M
 Heap Min Capacity: 8M
 Heap Initial Capacity: 124M
 Heap Max Capacity: 2G
 Pre-touch: Disabled
 Parallel Workers: 8
 Concurrent Workers: 2
 Concurrent Refinement Workers: 8
 Periodic GC: Disabled
Heap:
 garbage-first heap   total 375808K, used 373088K [0x0000000080000000, 0x0000000100000000)
  region size 1024K, 101 young (103424K), 2 survivors (2048K)
 Metaspace       used 155527K, committed 158016K, reserved 1245184K
  class space    used 20302K, committed 21568K, reserved 1048576K
GC Heap History (20 events):
Event: 23.975 GC heap after
{Heap after GC invocations=48 (full 0):
 garbage-first heap   total 256000K, used 171825K [0x0000000080000000, 0x0000000100000000)
  region size 1024K, 5 young (5120K), 5 survivors (5120K)
 Metaspace       used 133322K, committed 135616K, reserved 1179648K
  class space    used 17696K, committed 18816K, reserved 1048576K
}
Event: 24.753 GC heap before
{Heap before GC invocations=49 (full 0):
 garbage-first heap   total 288768K, used 233265K [0x0000000080000000, 0x0000000100000000)
  region size 1024K, 66 young (67584K), 5 survivors (5120K)
 Metaspace       used 133828K, committed 136128K, reserved 1179648K
  class space    used 17741K, committed 18880K, reserved 1048576K
}
Event: 24.765 GC heap after
{Heap after GC invocations=50 (full 0):
 garbage-first heap   total 288768K, used 174972K [0x0000000080000000, 0x0000000100000000)
  region size 1024K, 8 young (8192K), 8 survivors (8192K)
 Metaspace       used 133828K, committed 136128K, reserved 1179648K
  class space    used 17741K, committed 18880K, reserved 1048576K
}
Event: 26.189 GC heap before
{Heap before GC invocations=50 (full 0):
 garbage-first heap   total 288768K, used 262012K [0x0000000080000000, 0x0000000100000000)
  region size 1024K, 94 young (96256K), 8 survivors (8192K)
 Metaspace       used 139600K, committed 141952K, reserved 1179648K
  class space    used 18403K, committed 19584K, reserved 1048576K
}
Event: 26.202 GC heap after
{Heap after GC invocations=51 (full 0):
 garbage-first heap   total 288768K, used 181029K [0x0000000080000000, 0x0000000100000000)
  region size 1024K, 12 young (12288K), 12 survivors (12288K)
 Metaspace       used 139600K, committed 141952K, reserved 1179648K
  class space    used 18403K, committed 19584K, reserved 1048576K
}
Event: 28.597 GC heap before
{Heap before GC invocations=51 (full 0):
 garbage-first heap   total 288768K, used 259877K [0x0000000080000000, 0x0000000100000000)
  region size 1024K, 90 young (92160K), 12 survivors (12288K)
 Metaspace       used 146116K, committed 148544K, reserved 1179648K
  class space    used 19019K, committed 20224K, reserved 1048576K
}
Event: 28.626 GC heap after
{Heap after GC invocations=52 (full 0):
 garbage-first heap   total 288768K, used 187697K [0x0000000080000000, 0x0000000100000000)
  region size 1024K, 6 young (6144K), 6 survivors (6144K)
 Metaspace       used 146116K, committed 148544K, reserved 1179648K
  class space    used 19019K, committed 20224K, reserved 1048576K
}
Event: 37.365 GC heap before
{Heap before GC invocations=53 (full 0):
 garbage-first heap   total 314368K, used 265521K [0x0000000080000000, 0x0000000100000000)
  region size 1024K, 82 young (83968K), 6 survivors (6144K)
 Metaspace       used 147288K, committed 149760K, reserved 1179648K
  class space    used 19141K, committed 20416K, reserved 1048576K
}
Event: 37.378 GC heap after
{Heap after GC invocations=54 (full 0):
 garbage-first heap   total 314368K, used 190996K [0x0000000080000000, 0x0000000100000000)
  region size 1024K, 9 young (9216K), 9 survivors (9216K)
 Metaspace       used 147288K, committed 149760K, reserved 1179648K
  class space    used 19141K, committed 20416K, reserved 1048576K
}
Event: 39.384 GC heap before
{Heap before GC invocations=54 (full 0):
 garbage-first heap   total 314368K, used 288276K [0x0000000080000000, 0x0000000100000000)
  region size 1024K, 104 young (106496K), 9 survivors (9216K)
 Metaspace       used 149748K, committed 152256K, reserved 1245184K
  class space    used 19494K, committed 20800K, reserved 1048576K
}
Event: 39.402 GC heap after
{Heap after GC invocations=55 (full 0):
 garbage-first heap   total 314368K, used 199550K [0x0000000080000000, 0x0000000100000000)
  region size 1024K, 11 young (11264K), 11 survivors (11264K)
 Metaspace       used 149748K, committed 152256K, reserved 1245184K
  class space    used 19494K, committed 20800K, reserved 1048576K
}
Event: 40.265 GC heap before
{Heap before GC invocations=55 (full 0):
 garbage-first heap   total 314368K, used 267134K [0x0000000080000000, 0x0000000100000000)
  region size 1024K, 79 young (80896K), 11 survivors (11264K)
 Metaspace       used 149959K, committed 152448K, reserved 1245184K
  class space    used 19527K, committed 20800K, reserved 1048576K
}
Event: 40.277 GC heap after
{Heap after GC invocations=56 (full 0):
 garbage-first heap   total 314368K, used 203226K [0x0000000080000000, 0x0000000100000000)
  region size 1024K, 6 young (6144K), 6 survivors (6144K)
 Metaspace       used 149959K, committed 152448K, reserved 1245184K
  class space    used 19527K, committed 20800K, reserved 1048576K
}
Event: 40.753 GC heap before
{Heap before GC invocations=57 (full 0):
 garbage-first heap   total 342016K, used 289242K [0x0000000080000000, 0x0000000100000000)
  region size 1024K, 90 young (92160K), 6 survivors (6144K)
 Metaspace       used 150124K, committed 152704K, reserved 1245184K
  class space    used 19552K, committed 20864K, reserved 1048576K
}
Event: 40.759 GC heap after
{Heap after GC invocations=58 (full 0):
 garbage-first heap   total 342016K, used 205357K [0x0000000080000000, 0x0000000100000000)
  region size 1024K, 8 young (8192K), 8 survivors (8192K)
 Metaspace       used 150124K, committed 152704K, reserved 1245184K
  class space    used 19552K, committed 20864K, reserved 1048576K
}
Event: 41.224 GC heap before
{Heap before GC invocations=58 (full 0):
 garbage-first heap   total 342016K, used 312877K [0x0000000080000000, 0x0000000100000000)
  region size 1024K, 114 young (116736K), 8 survivors (8192K)
 Metaspace       used 151368K, committed 153920K, reserved 1245184K
  class space    used 19730K, committed 21056K, reserved 1048576K
}
Event: 41.236 GC heap after
{Heap after GC invocations=59 (full 0):
 garbage-first heap   total 342016K, used 202657K [0x0000000080000000, 0x0000000100000000)
  region size 1024K, 14 young (14336K), 14 survivors (14336K)
 Metaspace       used 151368K, committed 153920K, reserved 1245184K
  class space    used 19730K, committed 21056K, reserved 1048576K
}
Event: 41.456 GC heap before
{Heap before GC invocations=59 (full 0):
 garbage-first heap   total 342016K, used 253857K [0x0000000080000000, 0x0000000100000000)
  region size 1024K, 66 young (67584K), 14 survivors (14336K)
 Metaspace       used 151789K, committed 154304K, reserved 1245184K
  class space    used 19778K, committed 21056K, reserved 1048576K
}
Event: 41.464 GC heap after
{Heap after GC invocations=60 (full 0):
 garbage-first heap   total 342016K, used 205152K [0x0000000080000000, 0x0000000100000000)
  region size 1024K, 5 young (5120K), 5 survivors (5120K)
 Metaspace       used 151789K, committed 154304K, reserved 1245184K
  class space    used 19778K, committed 21056K, reserved 1048576K
}
Event: 42.476 GC heap before
{Heap before GC invocations=61 (full 0):
 garbage-first heap   total 373760K, used 372064K [0x0000000080000000, 0x0000000100000000)
  region size 1024K, 104 young (106496K), 5 survivors (5120K)
 Metaspace       used 155527K, committed 158016K, reserved 1245184K
  class space    used 20302K, committed 21568K, reserved 1048576K
}

