# JRE version: OpenJDK Runtime Environment (21.0.4) (build 21.0.4+-12508038-b607.1)
# Java VM: OpenJDK 64-Bit Server VM (21.0.4+-12508038-b607.1, mixed mode, tiered, compressed oops, compressed class ptrs, g1 gc, windows-amd64)
GC Precious Log:
 CardTable entry size: 512
 Card Set container configuration: InlinePtr #cards 5 size 8 Array Of Cards #cards 12 size 40 Howl #buckets 4 coarsen threshold 1843 Howl Bitmap #cards 512 size 80 coarsen threshold 460 Card regions per heap region 1 cards per card region 2048
 CPUs: 8 total, 8 available
 Memory: 7834M
 Large Page Support: Disabled
 NUMA Support: Disabled
 Compressed Oops: Enabled (32-bit)
 Heap Region Size: 1M
 Heap Min Capacity: 8M
 Heap Initial Capacity: 124M
 Heap Max Capacity: 2G
 Pre-touch: Disabled
 Parallel Workers: 8
 Concurrent Workers: 2
 Concurrent Refinement Workers: 8
 Periodic GC: Disabled
Heap:
 garbage-first heap   total 285696K, used 206294K [0x0000000080000000, 0x0000000100000000)
  region size 1024K, 28 young (28672K), 6 survivors (6144K)
 Metaspace       used 164746K, committed 167296K, reserved 1245184K
  class space    used 21687K, committed 22976K, reserved 1048576K
GC Heap History (20 events):
Event: 29.735 GC heap before
{Heap before GC invocations=56 (full 0):
 garbage-first heap   total 285696K, used 248928K [0x0000000080000000, 0x0000000100000000)
  region size 1024K, 90 young (92160K), 6 survivors (6144K)
 Metaspace       used 128682K, committed 130944K, reserved 1179648K
  class space    used 16892K, committed 18048K, reserved 1048576K
}
Event: 29.744 GC heap after
{Heap after GC invocations=57 (full 0):
 garbage-first heap   total 285696K, used 170420K [0x0000000080000000, 0x0000000100000000)
  region size 1024K, 12 young (12288K), 12 survivors (12288K)
 Metaspace       used 128682K, committed 130944K, reserved 1179648K
  class space    used 16892K, committed 18048K, reserved 1048576K
}
Event: 30.369 GC heap before
{Heap before GC invocations=57 (full 0):
 garbage-first heap   total 285696K, used 251316K [0x0000000080000000, 0x0000000100000000)
  region size 1024K, 92 young (94208K), 12 survivors (12288K)
 Metaspace       used 129747K, committed 132096K, reserved 1179648K
  class space    used 17003K, committed 18176K, reserved 1048576K
}
Event: 30.380 GC heap after
{Heap after GC invocations=58 (full 0):
 garbage-first heap   total 285696K, used 175256K [0x0000000080000000, 0x0000000100000000)
  region size 1024K, 8 young (8192K), 8 survivors (8192K)
 Metaspace       used 129747K, committed 132096K, reserved 1179648K
  class space    used 17003K, committed 18176K, reserved 1048576K
}
Event: 32.923 GC heap before
{Heap before GC invocations=59 (full 0):
 garbage-first heap   total 285696K, used 237720K [0x0000000080000000, 0x0000000100000000)
  region size 1024K, 86 young (88064K), 8 survivors (8192K)
 Metaspace       used 129866K, committed 132160K, reserved 1179648K
  class space    used 17014K, committed 18176K, reserved 1048576K
}
Event: 32.931 GC heap after
{Heap after GC invocations=60 (full 0):
 garbage-first heap   total 285696K, used 164407K [0x0000000080000000, 0x0000000100000000)
  region size 1024K, 8 young (8192K), 8 survivors (8192K)
 Metaspace       used 129866K, committed 132160K, reserved 1179648K
  class space    used 17014K, committed 18176K, reserved 1048576K
}
Event: 33.511 GC heap before
{Heap before GC invocations=60 (full 0):
 garbage-first heap   total 285696K, used 258615K [0x0000000080000000, 0x0000000100000000)
  region size 1024K, 97 young (99328K), 8 survivors (8192K)
 Metaspace       used 130996K, committed 133312K, reserved 1179648K
  class space    used 17117K, committed 18304K, reserved 1048576K
}
Event: 33.518 GC heap after
{Heap after GC invocations=61 (full 0):
 garbage-first heap   total 285696K, used 148314K [0x0000000080000000, 0x0000000100000000)
  region size 1024K, 6 young (6144K), 6 survivors (6144K)
 Metaspace       used 130996K, committed 133312K, reserved 1179648K
  class space    used 17117K, committed 18304K, reserved 1048576K
}
Event: 33.848 GC heap before
{Heap before GC invocations=61 (full 0):
 garbage-first heap   total 285696K, used 257882K [0x0000000080000000, 0x0000000100000000)
  region size 1024K, 112 young (114688K), 6 survivors (6144K)
 Metaspace       used 133164K, committed 135552K, reserved 1179648K
  class space    used 17230K, committed 18432K, reserved 1048576K
}
Event: 33.854 GC heap after
{Heap after GC invocations=62 (full 0):
 garbage-first heap   total 285696K, used 152198K [0x0000000080000000, 0x0000000100000000)
  region size 1024K, 10 young (10240K), 10 survivors (10240K)
 Metaspace       used 133164K, committed 135552K, reserved 1179648K
  class space    used 17230K, committed 18432K, reserved 1048576K
}
Event: 47.846 GC heap before
{Heap before GC invocations=62 (full 0):
 garbage-first heap   total 285696K, used 258694K [0x0000000080000000, 0x0000000100000000)
  region size 1024K, 115 young (117760K), 10 survivors (10240K)
 Metaspace       used 137975K, committed 140352K, reserved 1179648K
  class space    used 17863K, committed 19072K, reserved 1048576K
}
Event: 47.853 GC heap after
{Heap after GC invocations=63 (full 0):
 garbage-first heap   total 285696K, used 151960K [0x0000000080000000, 0x0000000100000000)
  region size 1024K, 5 young (5120K), 5 survivors (5120K)
 Metaspace       used 137975K, committed 140352K, reserved 1179648K
  class space    used 17863K, committed 19072K, reserved 1048576K
}
Event: 49.257 GC heap before
{Heap before GC invocations=63 (full 0):
 garbage-first heap   total 285696K, used 240024K [0x0000000080000000, 0x0000000100000000)
  region size 1024K, 92 young (94208K), 5 survivors (5120K)
 Metaspace       used 146032K, committed 148480K, reserved 1179648K
  class space    used 18850K, committed 20096K, reserved 1048576K
}
Event: 49.271 GC heap after
{Heap after GC invocations=64 (full 0):
 garbage-first heap   total 285696K, used 164369K [0x0000000080000000, 0x0000000100000000)
  region size 1024K, 14 young (14336K), 14 survivors (14336K)
 Metaspace       used 146032K, committed 148480K, reserved 1179648K
  class space    used 18850K, committed 20096K, reserved 1048576K
}
Event: 50.808 GC heap before
{Heap before GC invocations=65 (full 0):
 garbage-first heap   total 285696K, used 261649K [0x0000000080000000, 0x0000000100000000)
  region size 1024K, 103 young (105472K), 14 survivors (14336K)
 Metaspace       used 149016K, committed 151488K, reserved 1245184K
  class space    used 19154K, committed 20416K, reserved 1048576K
}
Event: 50.819 GC heap after
{Heap after GC invocations=66 (full 0):
 garbage-first heap   total 285696K, used 168135K [0x0000000080000000, 0x0000000100000000)
  region size 1024K, 6 young (6144K), 6 survivors (6144K)
 Metaspace       used 149016K, committed 151488K, reserved 1245184K
  class space    used 19154K, committed 20416K, reserved 1048576K
}
Event: 51.544 GC heap before
{Heap before GC invocations=66 (full 0):
 garbage-first heap   total 285696K, used 260295K [0x0000000080000000, 0x0000000100000000)
  region size 1024K, 97 young (99328K), 6 survivors (6144K)
 Metaspace       used 154753K, committed 157184K, reserved 1245184K
  class space    used 19972K, committed 21184K, reserved 1048576K
}
Event: 51.559 GC heap after
{Heap after GC invocations=67 (full 0):
 garbage-first heap   total 285696K, used 178379K [0x0000000080000000, 0x0000000100000000)
  region size 1024K, 13 young (13312K), 13 survivors (13312K)
 Metaspace       used 154753K, committed 157184K, reserved 1245184K
  class space    used 19972K, committed 21184K, reserved 1048576K
}
Event: 52.136 GC heap before
{Heap before GC invocations=67 (full 0):
 garbage-first heap   total 285696K, used 255179K [0x0000000080000000, 0x0000000100000000)
  region size 1024K, 89 young (91136K), 13 survivors (13312K)
 Metaspace       used 163782K, committed 166272K, reserved 1245184K
  class space    used 21586K, committed 22848K, reserved 1048576K
}
Event: 52.149 GC heap after
{Heap after GC invocations=68 (full 0):
 garbage-first heap   total 285696K, used 184790K [0x0000000080000000, 0x0000000100000000)
  region size 1024K, 6 young (6144K), 6 survivors (6144K)
 Metaspace       used 163782K, committed 166272K, reserved 1245184K
  class space    used 21586K, committed 22848K, reserved 1048576K
}

